# JRE version: OpenJDK Runtime Environment (11.0.13) (build 11.0.13+0-b1751.21-8125866)
# Java VM: OpenJDK 64-Bit Server VM (11.0.13+0-b1751.21-8125866, mixed mode, tiered, compressed oops, g1 gc, windows-amd64)
Heap:
 garbage-first heap   total 931840K, used 297984K [0x0000000080000000, 0x0000000100000000)
  region size 1024K, 5 young (5120K), 5 survivors (5120K)
 Metaspace       used 94722K, capacity 97028K, committed 97320K, reserved 1134592K
  class space    used 12373K, capacity 13205K, committed 13260K, reserved 1048576K
GC Heap History (20 events):
Event: 27.006 GC heap after
{Heap after GC invocations=36 (full 0):
 garbage-first heap   total 205824K, used 166221K [0x0000000080000000, 0x0000000100000000)
  region size 1024K, 3 young (3072K), 3 survivors (3072K)
 Metaspace       used 92255K, capacity 94476K, committed 94888K, reserved 1132544K
  class space    used 11898K, capacity 12712K, committed 12876K, reserved 1048576K
}
Event: 27.102 GC heap before
{Heap before GC invocations=36 (full 0):
 garbage-first heap   total 205824K, used 173389K [0x0000000080000000, 0x0000000100000000)
  region size 1024K, 10 young (10240K), 3 survivors (3072K)
 Metaspace       used 92257K, capacity 94476K, committed 94888K, reserved 1132544K
  class space    used 11898K, capacity 12712K, committed 12876K, reserved 1048576K
}
Event: 27.115 GC heap after
{Heap after GC invocations=37 (full 0):
 garbage-first heap   total 247808K, used 169428K [0x0000000080000000, 0x0000000100000000)
  region size 1024K, 2 young (2048K), 2 survivors (2048K)
 Metaspace       used 92257K, capacity 94476K, committed 94888K, reserved 1132544K
  class space    used 11898K, capacity 12712K, committed 12876K, reserved 1048576K
}
Event: 27.276 GC heap before
{Heap before GC invocations=37 (full 0):
 garbage-first heap   total 247808K, used 178644K [0x0000000080000000, 0x0000000100000000)
  region size 1024K, 13 young (13312K), 2 survivors (2048K)
 Metaspace       used 92259K, capacity 94476K, committed 94888K, reserved 1132544K
  class space    used 11898K, capacity 12712K, committed 12876K, reserved 1048576K
}
Event: 27.289 GC heap after
{Heap after GC invocations=38 (full 0):
 garbage-first heap   total 247808K, used 174540K [0x0000000080000000, 0x0000000100000000)
  region size 1024K, 4 young (4096K), 4 survivors (4096K)
 Metaspace       used 92259K, capacity 94476K, committed 94888K, reserved 1132544K
  class space    used 11898K, capacity 12712K, committed 12876K, reserved 1048576K
}
Event: 27.637 GC heap before
{Heap before GC invocations=39 (full 0):
 garbage-first heap   total 247808K, used 197068K [0x0000000080000000, 0x0000000100000000)
  region size 1024K, 24 young (24576K), 4 survivors (4096K)
 Metaspace       used 92259K, capacity 94476K, committed 94888K, reserved 1132544K
  class space    used 11898K, capacity 12712K, committed 12876K, reserved 1048576K
}
Event: 27.659 GC heap after
{Heap after GC invocations=40 (full 0):
 garbage-first heap   total 247808K, used 184132K [0x0000000080000000, 0x0000000100000000)
  region size 1024K, 3 young (3072K), 3 survivors (3072K)
 Metaspace       used 92259K, capacity 94476K, committed 94888K, reserved 1132544K
  class space    used 11898K, capacity 12712K, committed 12876K, reserved 1048576K
}
Event: 27.743 GC heap before
{Heap before GC invocations=40 (full 0):
 garbage-first heap   total 247808K, used 199492K [0x0000000080000000, 0x0000000100000000)
  region size 1024K, 20 young (20480K), 3 survivors (3072K)
 Metaspace       used 92259K, capacity 94476K, committed 94888K, reserved 1132544K
  class space    used 11898K, capacity 12712K, committed 12876K, reserved 1048576K
}
Event: 27.766 GC heap after
{Heap after GC invocations=41 (full 0):
 garbage-first heap   total 247808K, used 191647K [0x0000000080000000, 0x0000000100000000)
  region size 1024K, 3 young (3072K), 3 survivors (3072K)
 Metaspace       used 92259K, capacity 94476K, committed 94888K, reserved 1132544K
  class space    used 11898K, capacity 12712K, committed 12876K, reserved 1048576K
}
Event: 27.852 GC heap before
{Heap before GC invocations=41 (full 0):
 garbage-first heap   total 247808K, used 209055K [0x0000000080000000, 0x0000000100000000)
  region size 1024K, 17 young (17408K), 3 survivors (3072K)
 Metaspace       used 92259K, capacity 94476K, committed 94888K, reserved 1132544K
  class space    used 11898K, capacity 12712K, committed 12876K, reserved 1048576K
}
Event: 27.877 GC heap after
{Heap after GC invocations=42 (full 0):
 garbage-first heap   total 247808K, used 203439K [0x0000000080000000, 0x0000000100000000)
  region size 1024K, 3 young (3072K), 3 survivors (3072K)
 Metaspace       used 92259K, capacity 94476K, committed 94888K, reserved 1132544K
  class space    used 11898K, capacity 12712K, committed 12876K, reserved 1048576K
}
Event: 27.973 GC heap before
{Heap before GC invocations=42 (full 0):
 garbage-first heap   total 247808K, used 211631K [0x0000000080000000, 0x0000000100000000)
  region size 1024K, 12 young (12288K), 3 survivors (3072K)
 Metaspace       used 93105K, capacity 95411K, committed 95784K, reserved 1132544K
  class space    used 12044K, capacity 12884K, committed 13004K, reserved 1048576K
}
Event: 27.994 GC heap after
{Heap after GC invocations=43 (full 0):
 garbage-first heap   total 403456K, used 207346K [0x0000000080000000, 0x0000000100000000)
  region size 1024K, 2 young (2048K), 2 survivors (2048K)
 Metaspace       used 93105K, capacity 95411K, committed 95784K, reserved 1132544K
  class space    used 12044K, capacity 12884K, committed 13004K, reserved 1048576K
}
Event: 28.412 GC heap before
{Heap before GC invocations=44 (full 0):
 garbage-first heap   total 403456K, used 261618K [0x0000000080000000, 0x0000000100000000)
  region size 1024K, 55 young (56320K), 2 survivors (2048K)
 Metaspace       used 94701K, capacity 96963K, committed 97064K, reserved 1132544K
  class space    used 12373K, capacity 13205K, committed 13260K, reserved 1048576K
}
Event: 28.522 GC heap after
{Heap after GC invocations=45 (full 0):
 garbage-first heap   total 403456K, used 233019K [0x0000000080000000, 0x0000000100000000)
  region size 1024K, 7 young (7168K), 7 survivors (7168K)
 Metaspace       used 94701K, capacity 96963K, committed 97064K, reserved 1132544K
  class space    used 12373K, capacity 13205K, committed 13260K, reserved 1048576K
}
Event: 28.726 GC heap before
{Heap before GC invocations=45 (full 0):
 garbage-first heap   total 403456K, used 280123K [0x0000000080000000, 0x0000000100000000)
  region size 1024K, 54 young (55296K), 7 survivors (7168K)
 Metaspace       used 94713K, capacity 97028K, committed 97320K, reserved 1134592K
  class space    used 12373K, capacity 13205K, committed 13260K, reserved 1048576K
}
Event: 28.786 GC heap after
{Heap after GC invocations=46 (full 0):
 garbage-first heap   total 403456K, used 258048K [0x0000000080000000, 0x0000000100000000)
  region size 1024K, 7 young (7168K), 7 survivors (7168K)
 Metaspace       used 94713K, capacity 97028K, committed 97320K, reserved 1134592K
  class space    used 12373K, capacity 13205K, committed 13260K, reserved 1048576K
}
Event: 28.978 GC heap before
{Heap before GC invocations=46 (full 0):
 garbage-first heap   total 403456K, used 297984K [0x0000000080000000, 0x0000000100000000)
  region size 1024K, 47 young (48128K), 7 survivors (7168K)
 Metaspace       used 94715K, capacity 97028K, committed 97320K, reserved 1134592K
  class space    used 12373K, capacity 13205K, committed 13260K, reserved 1048576K
}
Event: 29.023 GC heap after
{Heap after GC invocations=47 (full 0):
 garbage-first heap   total 403456K, used 279040K [0x0000000080000000, 0x0000000100000000)
  region size 1024K, 6 young (6144K), 6 survivors (6144K)
 Metaspace       used 94715K, capacity 97028K, committed 97320K, reserved 1134592K
  class space    used 12373K, capacity 13205K, committed 13260K, reserved 1048576K
}
Event: 29.191 GC heap before
{Heap before GC invocations=47 (full 0):
 garbage-first heap   total 403456K, used 313856K [0x0000000080000000, 0x0000000100000000)
  region size 1024K, 40 young (40960K), 6 survivors (6144K)
 Metaspace       used 94722K, capacity 97028K, committed 97320K, reserved 1134592K
  class space    used 12373K, capacity 13205K, committed 13260K, reserved 1048576K
}

