# JRE version: OpenJDK Runtime Environment (11.0.13) (build 11.0.13+0-b1751.21-8125866)
# Java VM: OpenJDK 64-Bit Server VM (11.0.13+0-b1751.21-8125866, mixed mode, tiered, compressed oops, g1 gc, windows-amd64)
Heap:
 garbage-first heap   total 379904K, used 280206K [0x0000000080000000, 0x0000000100000000)
  region size 1024K, 34 young (34816K), 3 survivors (3072K)
 Metaspace       used 108702K, capacity 111811K, committed 112000K, reserved 1146880K
  class space    used 13840K, capacity 14920K, committed 14976K, reserved 1048576K
GC Heap History (20 events):
Event: 38.877 GC heap before
{Heap before GC invocations=76 (full 0):
 garbage-first heap   total 227328K, used 194265K [0x0000000080000000, 0x0000000100000000)
  region size 1024K, 27 young (27648K), 4 survivors (4096K)
 Metaspace       used 104126K, capacity 107019K, committed 107264K, reserved 1142784K
  class space    used 13241K, capacity 14235K, committed 14336K, reserved 1048576K
}
Event: 38.883 GC heap after
{Heap after GC invocations=77 (full 0):
 garbage-first heap   total 227328K, used 173550K [0x0000000080000000, 0x0000000100000000)
  region size 1024K, 3 young (3072K), 3 survivors (3072K)
 Metaspace       used 104126K, capacity 107019K, committed 107264K, reserved 1142784K
  class space    used 13241K, capacity 14235K, committed 14336K, reserved 1048576K
}
Event: 39.031 GC heap before
{Heap before GC invocations=77 (full 0):
 garbage-first heap   total 227328K, used 195054K [0x0000000080000000, 0x0000000100000000)
  region size 1024K, 25 young (25600K), 3 survivors (3072K)
 Metaspace       used 104627K, capacity 107581K, committed 107776K, reserved 1142784K
  class space    used 13306K, capacity 14314K, committed 14336K, reserved 1048576K
}
Event: 39.039 GC heap after
{Heap after GC invocations=78 (full 0):
 garbage-first heap   total 227328K, used 176425K [0x0000000080000000, 0x0000000100000000)
  region size 1024K, 4 young (4096K), 4 survivors (4096K)
 Metaspace       used 104627K, capacity 107581K, committed 107776K, reserved 1142784K
  class space    used 13306K, capacity 14314K, committed 14336K, reserved 1048576K
}
Event: 39.198 GC heap before
{Heap before GC invocations=79 (full 0):
 garbage-first heap   total 227328K, used 194857K [0x0000000080000000, 0x0000000100000000)
  region size 1024K, 23 young (23552K), 4 survivors (4096K)
 Metaspace       used 104899K, capacity 107943K, committed 108160K, reserved 1142784K
  class space    used 13346K, capacity 14383K, committed 14464K, reserved 1048576K
}
Event: 39.206 GC heap after
{Heap after GC invocations=80 (full 0):
 garbage-first heap   total 227328K, used 178226K [0x0000000080000000, 0x0000000100000000)
  region size 1024K, 3 young (3072K), 3 survivors (3072K)
 Metaspace       used 104899K, capacity 107943K, committed 108160K, reserved 1142784K
  class space    used 13346K, capacity 14383K, committed 14464K, reserved 1048576K
}
Event: 39.233 GC heap before
{Heap before GC invocations=80 (full 0):
 garbage-first heap   total 227328K, used 186418K [0x0000000080000000, 0x0000000100000000)
  region size 1024K, 11 young (11264K), 3 survivors (3072K)
 Metaspace       used 104900K, capacity 107943K, committed 108160K, reserved 1142784K
  class space    used 13346K, capacity 14383K, committed 14464K, reserved 1048576K
}
Event: 39.240 GC heap after
{Heap after GC invocations=81 (full 0):
 garbage-first heap   total 227328K, used 178270K [0x0000000080000000, 0x0000000100000000)
  region size 1024K, 2 young (2048K), 2 survivors (2048K)
 Metaspace       used 104900K, capacity 107943K, committed 108160K, reserved 1142784K
  class space    used 13346K, capacity 14383K, committed 14464K, reserved 1048576K
}
Event: 39.285 GC heap before
{Heap before GC invocations=81 (full 0):
 garbage-first heap   total 227328K, used 193630K [0x0000000080000000, 0x0000000100000000)
  region size 1024K, 18 young (18432K), 2 survivors (2048K)
 Metaspace       used 104901K, capacity 107943K, committed 108160K, reserved 1142784K
  class space    used 13346K, capacity 14383K, committed 14464K, reserved 1048576K
}
Event: 39.291 GC heap after
{Heap after GC invocations=82 (full 0):
 garbage-first heap   total 227328K, used 180700K [0x0000000080000000, 0x0000000100000000)
  region size 1024K, 3 young (3072K), 3 survivors (3072K)
 Metaspace       used 104901K, capacity 107943K, committed 108160K, reserved 1142784K
  class space    used 13346K, capacity 14383K, committed 14464K, reserved 1048576K
}
Event: 39.370 GC heap before
{Heap before GC invocations=82 (full 0):
 garbage-first heap   total 227328K, used 196060K [0x0000000080000000, 0x0000000100000000)
  region size 1024K, 18 young (18432K), 3 survivors (3072K)
 Metaspace       used 104931K, capacity 107954K, committed 108160K, reserved 1142784K
  class space    used 13349K, capacity 14386K, committed 14464K, reserved 1048576K
}
Event: 39.377 GC heap after
{Heap after GC invocations=83 (full 0):
 garbage-first heap   total 273408K, used 182642K [0x0000000080000000, 0x0000000100000000)
  region size 1024K, 3 young (3072K), 3 survivors (3072K)
 Metaspace       used 104931K, capacity 107954K, committed 108160K, reserved 1142784K
  class space    used 13349K, capacity 14386K, committed 14464K, reserved 1048576K
}
Event: 40.010 GC heap before
{Heap before GC invocations=84 (full 0):
 garbage-first heap   total 273408K, used 220530K [0x0000000080000000, 0x0000000100000000)
  region size 1024K, 41 young (41984K), 3 survivors (3072K)
 Metaspace       used 105449K, capacity 108427K, committed 108672K, reserved 1142784K
  class space    used 13396K, capacity 14451K, committed 14464K, reserved 1048576K
}
Event: 40.021 GC heap after
{Heap after GC invocations=85 (full 0):
 garbage-first heap   total 273408K, used 186980K [0x0000000080000000, 0x0000000100000000)
  region size 1024K, 6 young (6144K), 6 survivors (6144K)
 Metaspace       used 105449K, capacity 108427K, committed 108672K, reserved 1142784K
  class space    used 13396K, capacity 14451K, committed 14464K, reserved 1048576K
}
Event: 40.065 GC heap before
{Heap before GC invocations=85 (full 0):
 garbage-first heap   total 273408K, used 194148K [0x0000000080000000, 0x0000000100000000)
  region size 1024K, 13 young (13312K), 6 survivors (6144K)
 Metaspace       used 105515K, capacity 108582K, committed 108672K, reserved 1142784K
  class space    used 13407K, capacity 14463K, committed 14464K, reserved 1048576K
}
Event: 40.075 GC heap after
{Heap after GC invocations=86 (full 0):
 garbage-first heap   total 273408K, used 185914K [0x0000000080000000, 0x0000000100000000)
  region size 1024K, 2 young (2048K), 2 survivors (2048K)
 Metaspace       used 105515K, capacity 108582K, committed 108672K, reserved 1142784K
  class space    used 13407K, capacity 14463K, committed 14464K, reserved 1048576K
}
Event: 40.533 GC heap before
{Heap before GC invocations=86 (full 0):
 garbage-first heap   total 273408K, used 244282K [0x0000000080000000, 0x0000000100000000)
  region size 1024K, 39 young (39936K), 2 survivors (2048K)
 Metaspace       used 105888K, capacity 108898K, committed 109056K, reserved 1144832K
  class space    used 13448K, capacity 14500K, committed 14592K, reserved 1048576K
}
Event: 40.542 GC heap after
{Heap after GC invocations=87 (full 0):
 garbage-first heap   total 273408K, used 218110K [0x0000000080000000, 0x0000000100000000)
  region size 1024K, 5 young (5120K), 5 survivors (5120K)
 Metaspace       used 105888K, capacity 108898K, committed 109056K, reserved 1144832K
  class space    used 13448K, capacity 14500K, committed 14592K, reserved 1048576K
}
Event: 40.772 GC heap before
{Heap before GC invocations=87 (full 0):
 garbage-first heap   total 273408K, used 232446K [0x0000000080000000, 0x0000000100000000)
  region size 1024K, 20 young (20480K), 5 survivors (5120K)
 Metaspace       used 107028K, capacity 110055K, committed 110208K, reserved 1144832K
  class space    used 13608K, capacity 14673K, committed 14720K, reserved 1048576K
}
Event: 40.783 GC heap after
{Heap after GC invocations=88 (full 0):
 garbage-first heap   total 379904K, used 220814K [0x0000000080000000, 0x0000000100000000)
  region size 1024K, 3 young (3072K), 3 survivors (3072K)
 Metaspace       used 107028K, capacity 110055K, committed 110208K, reserved 1144832K
  class space    used 13608K, capacity 14673K, committed 14720K, reserved 1048576K
}

