# JRE version: OpenJDK Runtime Environment (11.0.13) (build 11.0.13+0-b1751.21-8125866)
# Java VM: OpenJDK 64-Bit Server VM (11.0.13+0-b1751.21-8125866, mixed mode, tiered, compressed oops, g1 gc, windows-amd64)
Heap:
 garbage-first heap   total 743424K, used 301056K [0x0000000080000000, 0x0000000100000000)
  region size 1024K, 5 young (5120K), 5 survivors (5120K)
 Metaspace       used 98554K, capacity 101126K, committed 101328K, reserved 1136640K
  class space    used 12832K, capacity 13800K, committed 13856K, reserved 1048576K
GC Heap History (20 events):
Event: 34.858 GC heap after
{Heap after GC invocations=44 (full 0):
 garbage-first heap   total 215040K, used 171062K [0x0000000080000000, 0x0000000100000000)
  region size 1024K, 3 young (3072K), 3 survivors (3072K)
 Metaspace       used 96092K, capacity 98487K, committed 98768K, reserved 1134592K
  class space    used 12352K, capacity 13235K, committed 13344K, reserved 1048576K
}
Event: 34.995 GC heap before
{Heap before GC invocations=45 (full 0):
 garbage-first heap   total 215040K, used 183350K [0x0000000080000000, 0x0000000100000000)
  region size 1024K, 14 young (14336K), 3 survivors (3072K)
 Metaspace       used 96093K, capacity 98487K, committed 98768K, reserved 1134592K
  class space    used 12352K, capacity 13235K, committed 13344K, reserved 1048576K
}
Event: 35.014 GC heap after
{Heap after GC invocations=46 (full 0):
 garbage-first heap   total 215040K, used 177074K [0x0000000080000000, 0x0000000100000000)
  region size 1024K, 2 young (2048K), 2 survivors (2048K)
 Metaspace       used 96093K, capacity 98487K, committed 98768K, reserved 1134592K
  class space    used 12352K, capacity 13235K, committed 13344K, reserved 1048576K
}
Event: 35.134 GC heap before
{Heap before GC invocations=46 (full 0):
 garbage-first heap   total 215040K, used 186290K [0x0000000080000000, 0x0000000100000000)
  region size 1024K, 10 young (10240K), 2 survivors (2048K)
 Metaspace       used 96093K, capacity 98487K, committed 98768K, reserved 1134592K
  class space    used 12352K, capacity 13235K, committed 13344K, reserved 1048576K
}
Event: 35.154 GC heap after
{Heap after GC invocations=47 (full 0):
 garbage-first heap   total 258048K, used 177700K [0x0000000080000000, 0x0000000100000000)
  region size 1024K, 2 young (2048K), 2 survivors (2048K)
 Metaspace       used 96093K, capacity 98487K, committed 98768K, reserved 1134592K
  class space    used 12352K, capacity 13235K, committed 13344K, reserved 1048576K
}
Event: 35.531 GC heap before
{Heap before GC invocations=47 (full 0):
 garbage-first heap   total 258048K, used 200228K [0x0000000080000000, 0x0000000100000000)
  region size 1024K, 25 young (25600K), 2 survivors (2048K)
 Metaspace       used 96093K, capacity 98487K, committed 98768K, reserved 1134592K
  class space    used 12352K, capacity 13235K, committed 13344K, reserved 1048576K
}
Event: 35.558 GC heap after
{Heap after GC invocations=48 (full 0):
 garbage-first heap   total 258048K, used 186916K [0x0000000080000000, 0x0000000100000000)
  region size 1024K, 4 young (4096K), 4 survivors (4096K)
 Metaspace       used 96093K, capacity 98487K, committed 98768K, reserved 1134592K
  class space    used 12352K, capacity 13235K, committed 13344K, reserved 1048576K
}
Event: 35.764 GC heap before
{Heap before GC invocations=48 (full 0):
 garbage-first heap   total 258048K, used 209444K [0x0000000080000000, 0x0000000100000000)
  region size 1024K, 23 young (23552K), 4 survivors (4096K)
 Metaspace       used 96093K, capacity 98487K, committed 98768K, reserved 1134592K
  class space    used 12352K, capacity 13235K, committed 13344K, reserved 1048576K
}
Event: 35.797 GC heap after
{Heap after GC invocations=49 (full 0):
 garbage-first heap   total 258048K, used 200145K [0x0000000080000000, 0x0000000100000000)
  region size 1024K, 3 young (3072K), 3 survivors (3072K)
 Metaspace       used 96093K, capacity 98487K, committed 98768K, reserved 1134592K
  class space    used 12352K, capacity 13235K, committed 13344K, reserved 1048576K
}
Event: 36.145 GC heap before
{Heap before GC invocations=49 (full 0):
 garbage-first heap   total 258048K, used 214481K [0x0000000080000000, 0x0000000100000000)
  region size 1024K, 17 young (17408K), 3 survivors (3072K)
 Metaspace       used 97456K, capacity 99966K, committed 100048K, reserved 1136640K
  class space    used 12675K, capacity 13567K, committed 13600K, reserved 1048576K
}
Event: 36.176 GC heap after
{Heap after GC invocations=50 (full 0):
 garbage-first heap   total 258048K, used 205436K [0x0000000080000000, 0x0000000100000000)
  region size 1024K, 3 young (3072K), 3 survivors (3072K)
 Metaspace       used 97456K, capacity 99966K, committed 100048K, reserved 1136640K
  class space    used 12675K, capacity 13567K, committed 13600K, reserved 1048576K
}
Event: 36.544 GC heap before
{Heap before GC invocations=50 (full 0):
 garbage-first heap   total 258048K, used 217724K [0x0000000080000000, 0x0000000100000000)
  region size 1024K, 15 young (15360K), 3 survivors (3072K)
 Metaspace       used 98342K, capacity 100917K, committed 101072K, reserved 1136640K
  class space    used 12831K, capacity 13800K, committed 13856K, reserved 1048576K
}
Event: 36.570 GC heap after
{Heap after GC invocations=51 (full 0):
 garbage-first heap   total 404480K, used 211198K [0x0000000080000000, 0x0000000100000000)
  region size 1024K, 2 young (2048K), 2 survivors (2048K)
 Metaspace       used 98342K, capacity 100917K, committed 101072K, reserved 1136640K
  class space    used 12831K, capacity 13800K, committed 13856K, reserved 1048576K
}
Event: 36.956 GC heap before
{Heap before GC invocations=51 (full 0):
 garbage-first heap   total 404480K, used 263422K [0x0000000080000000, 0x0000000100000000)
  region size 1024K, 53 young (54272K), 2 survivors (2048K)
 Metaspace       used 98501K, capacity 101061K, committed 101328K, reserved 1136640K
  class space    used 12832K, capacity 13800K, committed 13856K, reserved 1048576K
}
Event: 37.005 GC heap after
{Heap after GC invocations=52 (full 0):
 garbage-first heap   total 404480K, used 237568K [0x0000000080000000, 0x0000000100000000)
  region size 1024K, 7 young (7168K), 7 survivors (7168K)
 Metaspace       used 98501K, capacity 101061K, committed 101328K, reserved 1136640K
  class space    used 12832K, capacity 13800K, committed 13856K, reserved 1048576K
}
Event: 37.214 GC heap before
{Heap before GC invocations=52 (full 0):
 garbage-first heap   total 404480K, used 284672K [0x0000000080000000, 0x0000000100000000)
  region size 1024K, 53 young (54272K), 7 survivors (7168K)
 Metaspace       used 98508K, capacity 101062K, committed 101328K, reserved 1136640K
  class space    used 12832K, capacity 13800K, committed 13856K, reserved 1048576K
}
Event: 37.250 GC heap after
{Heap after GC invocations=53 (full 0):
 garbage-first heap   total 404480K, used 261542K [0x0000000080000000, 0x0000000100000000)
  region size 1024K, 7 young (7168K), 7 survivors (7168K)
 Metaspace       used 98508K, capacity 101062K, committed 101328K, reserved 1136640K
  class space    used 12832K, capacity 13800K, committed 13856K, reserved 1048576K
}
Event: 37.396 GC heap before
{Heap before GC invocations=53 (full 0):
 garbage-first heap   total 404480K, used 300454K [0x0000000080000000, 0x0000000100000000)
  region size 1024K, 46 young (47104K), 7 survivors (7168K)
 Metaspace       used 98548K, capacity 101126K, committed 101328K, reserved 1136640K
  class space    used 12832K, capacity 13800K, committed 13856K, reserved 1048576K
}
Event: 37.432 GC heap after
{Heap after GC invocations=54 (full 0):
 garbage-first heap   total 404480K, used 282112K [0x0000000080000000, 0x0000000100000000)
  region size 1024K, 6 young (6144K), 6 survivors (6144K)
 Metaspace       used 98548K, capacity 101126K, committed 101328K, reserved 1136640K
  class space    used 12832K, capacity 13800K, committed 13856K, reserved 1048576K
}
Event: 37.570 GC heap before
{Heap before GC invocations=54 (full 0):
 garbage-first heap   total 404480K, used 314880K [0x0000000080000000, 0x0000000100000000)
  region size 1024K, 39 young (39936K), 6 survivors (6144K)
 Metaspace       used 98554K, capacity 101126K, committed 101328K, reserved 1136640K
  class space    used 12832K, capacity 13800K, committed 13856K, reserved 1048576K
}

