# JRE version: OpenJDK Runtime Environment (11.0.13) (build 11.0.13+0-b1751.21-8125866)
# Java VM: OpenJDK 64-Bit Server VM (11.0.13+0-b1751.21-8125866, mixed mode, tiered, compressed oops, g1 gc, windows-amd64)
Heap:
 garbage-first heap   total 468992K, used 251843K [0x0000000080000000, 0x0000000100000000)
  region size 1024K, 48 young (49152K), 10 survivors (10240K)
 Metaspace       used 151105K, capacity 155871K, committed 156368K, reserved 1185792K
  class space    used 18584K, capacity 20292K, committed 20480K, reserved 1048576K
GC Heap History (20 events):
Event: 2004.934 GC heap before
{Heap before GC invocations=133 (full 0):
 garbage-first heap   total 320512K, used 253431K [0x0000000080000000, 0x0000000100000000)
  region size 1024K, 15 young (15360K), 4 survivors (4096K)
 Metaspace       used 146733K, capacity 151422K, committed 151888K, reserved 1181696K
  class space    used 18238K, capacity 19900K, committed 20096K, reserved 1048576K
}
Event: 2004.961 GC heap after
{Heap after GC invocations=134 (full 0):
 garbage-first heap   total 320512K, used 239616K [0x0000000080000000, 0x0000000100000000)
  region size 1024K, 2 young (2048K), 2 survivors (2048K)
 Metaspace       used 146733K, capacity 151422K, committed 151888K, reserved 1181696K
  class space    used 18238K, capacity 19900K, committed 20096K, reserved 1048576K
}
Event: 2005.342 GC heap before
{Heap before GC invocations=134 (full 0):
 garbage-first heap   total 320512K, used 262144K [0x0000000080000000, 0x0000000100000000)
  region size 1024K, 26 young (26624K), 2 survivors (2048K)
 Metaspace       used 146768K, capacity 151490K, committed 151888K, reserved 1181696K
  class space    used 18241K, capacity 19901K, committed 20096K, reserved 1048576K
}
Event: 2005.358 GC heap after
{Heap after GC invocations=135 (full 0):
 garbage-first heap   total 320512K, used 246987K [0x0000000080000000, 0x0000000100000000)
  region size 1024K, 4 young (4096K), 4 survivors (4096K)
 Metaspace       used 146768K, capacity 151490K, committed 151888K, reserved 1181696K
  class space    used 18241K, capacity 19901K, committed 20096K, reserved 1048576K
}
Event: 2005.604 GC heap before
{Heap before GC invocations=135 (full 0):
 garbage-first heap   total 320512K, used 285899K [0x0000000080000000, 0x0000000100000000)
  region size 1024K, 25 young (25600K), 4 survivors (4096K)
 Metaspace       used 146940K, capacity 151639K, committed 152144K, reserved 1181696K
  class space    used 18249K, capacity 19905K, committed 20096K, reserved 1048576K
}
Event: 2005.621 GC heap after
{Heap after GC invocations=136 (full 0):
 garbage-first heap   total 320512K, used 251012K [0x0000000080000000, 0x0000000100000000)
  region size 1024K, 4 young (4096K), 4 survivors (4096K)
 Metaspace       used 146940K, capacity 151639K, committed 152144K, reserved 1181696K
  class space    used 18249K, capacity 19905K, committed 20096K, reserved 1048576K
}
Event: 2005.879 GC heap before
{Heap before GC invocations=136 (full 0):
 garbage-first heap   total 320512K, used 271492K [0x0000000080000000, 0x0000000100000000)
  region size 1024K, 24 young (24576K), 4 survivors (4096K)
 Metaspace       used 147499K, capacity 152198K, committed 152656K, reserved 1181696K
  class space    used 18291K, capacity 19973K, committed 20096K, reserved 1048576K
}
Event: 2005.901 GC heap after
{Heap after GC invocations=137 (full 0):
 garbage-first heap   total 388096K, used 255376K [0x0000000080000000, 0x0000000100000000)
  region size 1024K, 3 young (3072K), 3 survivors (3072K)
 Metaspace       used 147499K, capacity 152198K, committed 152656K, reserved 1181696K
  class space    used 18291K, capacity 19973K, committed 20096K, reserved 1048576K
}
Event: 2006.258 GC heap before
{Heap before GC invocations=138 (full 0):
 garbage-first heap   total 388096K, used 294288K [0x0000000080000000, 0x0000000100000000)
  region size 1024K, 42 young (43008K), 3 survivors (3072K)
 Metaspace       used 149343K, capacity 154054K, committed 154576K, reserved 1183744K
  class space    used 18425K, capacity 20101K, committed 20224K, reserved 1048576K
}
Event: 2006.268 GC heap after
{Heap after GC invocations=139 (full 0):
 garbage-first heap   total 388096K, used 258392K [0x0000000080000000, 0x0000000100000000)
  region size 1024K, 6 young (6144K), 6 survivors (6144K)
 Metaspace       used 149343K, capacity 154054K, committed 154576K, reserved 1183744K
  class space    used 18425K, capacity 20101K, committed 20224K, reserved 1048576K
}
Event: 2006.470 GC heap before
{Heap before GC invocations=139 (full 0):
 garbage-first heap   total 388096K, used 299352K [0x0000000080000000, 0x0000000100000000)
  region size 1024K, 47 young (48128K), 6 survivors (6144K)
 Metaspace       used 149452K, capacity 154188K, committed 154576K, reserved 1183744K
  class space    used 18430K, capacity 20102K, committed 20224K, reserved 1048576K
}
Event: 2006.480 GC heap after
{Heap after GC invocations=140 (full 0):
 garbage-first heap   total 388096K, used 259631K [0x0000000080000000, 0x0000000100000000)
  region size 1024K, 6 young (6144K), 6 survivors (6144K)
 Metaspace       used 149452K, capacity 154188K, committed 154576K, reserved 1183744K
  class space    used 18430K, capacity 20102K, committed 20224K, reserved 1048576K
}
Event: 2006.693 GC heap before
{Heap before GC invocations=140 (full 0):
 garbage-first heap   total 388096K, used 303663K [0x0000000080000000, 0x0000000100000000)
  region size 1024K, 50 young (51200K), 6 survivors (6144K)
 Metaspace       used 150020K, capacity 154732K, committed 155216K, reserved 1183744K
  class space    used 18468K, capacity 20134K, committed 20352K, reserved 1048576K
}
Event: 2006.709 GC heap after
{Heap after GC invocations=141 (full 0):
 garbage-first heap   total 388096K, used 264882K [0x0000000080000000, 0x0000000100000000)
  region size 1024K, 7 young (7168K), 7 survivors (7168K)
 Metaspace       used 150020K, capacity 154732K, committed 155216K, reserved 1183744K
  class space    used 18468K, capacity 20134K, committed 20352K, reserved 1048576K
}
Event: 2007.041 GC heap before
{Heap before GC invocations=142 (full 0):
 garbage-first heap   total 388096K, used 275122K [0x0000000080000000, 0x0000000100000000)
  region size 1024K, 52 young (53248K), 7 survivors (7168K)
 Metaspace       used 150148K, capacity 154869K, committed 155472K, reserved 1183744K
  class space    used 18469K, capacity 20135K, committed 20352K, reserved 1048576K
}
Event: 2007.053 GC heap after
{Heap after GC invocations=143 (full 0):
 garbage-first heap   total 468992K, used 226931K [0x0000000080000000, 0x0000000100000000)
  region size 1024K, 2 young (2048K), 2 survivors (2048K)
 Metaspace       used 150148K, capacity 154869K, committed 155472K, reserved 1183744K
  class space    used 18469K, capacity 20135K, committed 20352K, reserved 1048576K
}
Event: 2007.171 GC heap before
{Heap before GC invocations=143 (full 0):
 garbage-first heap   total 468992K, used 246387K [0x0000000080000000, 0x0000000100000000)
  region size 1024K, 22 young (22528K), 2 survivors (2048K)
 Metaspace       used 150409K, capacity 155111K, committed 155472K, reserved 1183744K
  class space    used 18505K, capacity 20172K, committed 20352K, reserved 1048576K
}
Event: 2007.187 GC heap after
{Heap after GC invocations=144 (full 0):
 garbage-first heap   total 468992K, used 208573K [0x0000000080000000, 0x0000000100000000)
  region size 1024K, 2 young (2048K), 2 survivors (2048K)
 Metaspace       used 150409K, capacity 155111K, committed 155472K, reserved 1183744K
  class space    used 18505K, capacity 20172K, committed 20352K, reserved 1048576K
}
Event: 2007.623 GC heap before
{Heap before GC invocations=144 (full 0):
 garbage-first heap   total 468992K, used 286397K [0x0000000080000000, 0x0000000100000000)
  region size 1024K, 80 young (81920K), 2 survivors (2048K)
 Metaspace       used 151045K, capacity 155855K, committed 156368K, reserved 1185792K
  class space    used 18577K, capacity 20289K, committed 20480K, reserved 1048576K
}
Event: 2007.656 GC heap after
{Heap after GC invocations=145 (full 0):
 garbage-first heap   total 468992K, used 216003K [0x0000000080000000, 0x0000000100000000)
  region size 1024K, 10 young (10240K), 10 survivors (10240K)
 Metaspace       used 151045K, capacity 155855K, committed 156368K, reserved 1185792K
  class space    used 18577K, capacity 20289K, committed 20480K, reserved 1048576K
}

