# JRE version: OpenJDK Runtime Environment (11.0.13) (build 11.0.13+0-b1751.21-8125866)
# Java VM: OpenJDK 64-Bit Server VM (11.0.13+0-b1751.21-8125866, mixed mode, tiered, compressed oops, g1 gc, windows-amd64)
Heap:
 garbage-first heap   total 395264K, used 244018K [0x0000000080000000, 0x0000000100000000)
  region size 1024K, 6 young (6144K), 6 survivors (6144K)
 Metaspace       used 117949K, capacity 121184K, committed 121344K, reserved 1155072K
  class space    used 14666K, capacity 15799K, committed 15872K, reserved 1048576K
GC Heap History (20 events):
Event: 67.895 GC heap after
{Heap after GC invocations=84 (full 0):
 garbage-first heap   total 328704K, used 218703K [0x0000000080000000, 0x0000000100000000)
  region size 1024K, 1 young (1024K), 1 survivors (1024K)
 Metaspace       used 107506K, capacity 110687K, committed 110848K, reserved 1144832K
  class space    used 13653K, capacity 14777K, committed 14848K, reserved 1048576K
}
Event: 68.440 GC heap before
{Heap before GC invocations=84 (full 0):
 garbage-first heap   total 328704K, used 264783K [0x0000000080000000, 0x0000000100000000)
  region size 1024K, 30 young (30720K), 1 survivors (1024K)
 Metaspace       used 107904K, capacity 111015K, committed 111104K, reserved 1144832K
  class space    used 13680K, capacity 14790K, committed 14848K, reserved 1048576K
}
Event: 68.447 GC heap after
{Heap after GC invocations=85 (full 0):
 garbage-first heap   total 328704K, used 221947K [0x0000000080000000, 0x0000000100000000)
  region size 1024K, 4 young (4096K), 4 survivors (4096K)
 Metaspace       used 107904K, capacity 111015K, committed 111104K, reserved 1144832K
  class space    used 13680K, capacity 14790K, committed 14848K, reserved 1048576K
}
Event: 68.955 GC heap before
{Heap before GC invocations=85 (full 0):
 garbage-first heap   total 328704K, used 252667K [0x0000000080000000, 0x0000000100000000)
  region size 1024K, 34 young (34816K), 4 survivors (4096K)
 Metaspace       used 110201K, capacity 113395K, committed 113536K, reserved 1148928K
  class space    used 13851K, capacity 14953K, committed 14976K, reserved 1048576K
}
Event: 68.965 GC heap after
{Heap after GC invocations=86 (full 0):
 garbage-first heap   total 328704K, used 226709K [0x0000000080000000, 0x0000000100000000)
  region size 1024K, 5 young (5120K), 5 survivors (5120K)
 Metaspace       used 110201K, capacity 113395K, committed 113536K, reserved 1148928K
  class space    used 13851K, capacity 14953K, committed 14976K, reserved 1048576K
}
Event: 69.222 GC heap before
{Heap before GC invocations=86 (full 0):
 garbage-first heap   total 328704K, used 257429K [0x0000000080000000, 0x0000000100000000)
  region size 1024K, 36 young (36864K), 5 survivors (5120K)
 Metaspace       used 111343K, capacity 114516K, committed 114688K, reserved 1148928K
  class space    used 13931K, capacity 15049K, committed 15104K, reserved 1048576K
}
Event: 69.229 GC heap after
{Heap after GC invocations=87 (full 0):
 garbage-first heap   total 328704K, used 229008K [0x0000000080000000, 0x0000000100000000)
  region size 1024K, 3 young (3072K), 3 survivors (3072K)
 Metaspace       used 111343K, capacity 114516K, committed 114688K, reserved 1148928K
  class space    used 13931K, capacity 15049K, committed 15104K, reserved 1048576K
}
Event: 69.368 GC heap before
{Heap before GC invocations=87 (full 0):
 garbage-first heap   total 328704K, used 261776K [0x0000000080000000, 0x0000000100000000)
  region size 1024K, 35 young (35840K), 3 survivors (3072K)
 Metaspace       used 111664K, capacity 114845K, committed 114944K, reserved 1148928K
  class space    used 13953K, capacity 15049K, committed 15104K, reserved 1048576K
}
Event: 69.373 GC heap after
{Heap after GC invocations=88 (full 0):
 garbage-first heap   total 328704K, used 229659K [0x0000000080000000, 0x0000000100000000)
  region size 1024K, 4 young (4096K), 4 survivors (4096K)
 Metaspace       used 111664K, capacity 114845K, committed 114944K, reserved 1148928K
  class space    used 13953K, capacity 15049K, committed 15104K, reserved 1048576K
}
Event: 69.597 GC heap before
{Heap before GC invocations=88 (full 0):
 garbage-first heap   total 328704K, used 264475K [0x0000000080000000, 0x0000000100000000)
  region size 1024K, 38 young (38912K), 4 survivors (4096K)
 Metaspace       used 112099K, capacity 115262K, committed 115456K, reserved 1148928K
  class space    used 13976K, capacity 15081K, committed 15104K, reserved 1048576K
}
Event: 69.605 GC heap after
{Heap after GC invocations=89 (full 0):
 garbage-first heap   total 328704K, used 231361K [0x0000000080000000, 0x0000000100000000)
  region size 1024K, 4 young (4096K), 4 survivors (4096K)
 Metaspace       used 112099K, capacity 115262K, committed 115456K, reserved 1148928K
  class space    used 13976K, capacity 15081K, committed 15104K, reserved 1048576K
}
Event: 69.874 GC heap before
{Heap before GC invocations=89 (full 0):
 garbage-first heap   total 328704K, used 267201K [0x0000000080000000, 0x0000000100000000)
  region size 1024K, 40 young (40960K), 4 survivors (4096K)
 Metaspace       used 112990K, capacity 116213K, committed 116352K, reserved 1150976K
  class space    used 14064K, capacity 15185K, committed 15232K, reserved 1048576K
}
Event: 69.881 GC heap after
{Heap after GC invocations=90 (full 0):
 garbage-first heap   total 328704K, used 232249K [0x0000000080000000, 0x0000000100000000)
  region size 1024K, 4 young (4096K), 4 survivors (4096K)
 Metaspace       used 112990K, capacity 116213K, committed 116352K, reserved 1150976K
  class space    used 14064K, capacity 15185K, committed 15232K, reserved 1048576K
}
Event: 70.418 GC heap before
{Heap before GC invocations=90 (full 0):
 garbage-first heap   total 328704K, used 270137K [0x0000000080000000, 0x0000000100000000)
  region size 1024K, 42 young (43008K), 4 survivors (4096K)
 Metaspace       used 114587K, capacity 117802K, committed 117888K, reserved 1150976K
  class space    used 14272K, capacity 15415K, committed 15488K, reserved 1048576K
}
Event: 70.424 GC heap after
{Heap after GC invocations=91 (full 0):
 garbage-first heap   total 328704K, used 232323K [0x0000000080000000, 0x0000000100000000)
  region size 1024K, 2 young (2048K), 2 survivors (2048K)
 Metaspace       used 114587K, capacity 117802K, committed 117888K, reserved 1150976K
  class space    used 14272K, capacity 15415K, committed 15488K, reserved 1048576K
}
Event: 70.952 GC heap before
{Heap before GC invocations=91 (full 0):
 garbage-first heap   total 328704K, used 272259K [0x0000000080000000, 0x0000000100000000)
  region size 1024K, 42 young (43008K), 2 survivors (2048K)
 Metaspace       used 116880K, capacity 120061K, committed 120192K, reserved 1153024K
  class space    used 14540K, capacity 15675K, committed 15744K, reserved 1048576K
}
Event: 70.960 GC heap after
{Heap after GC invocations=92 (full 0):
 garbage-first heap   total 328704K, used 235119K [0x0000000080000000, 0x0000000100000000)
  region size 1024K, 5 young (5120K), 5 survivors (5120K)
 Metaspace       used 116880K, capacity 120061K, committed 120192K, reserved 1153024K
  class space    used 14540K, capacity 15675K, committed 15744K, reserved 1048576K
}
Event: 71.252 GC heap before
{Heap before GC invocations=92 (full 0):
 garbage-first heap   total 328704K, used 275055K [0x0000000080000000, 0x0000000100000000)
  region size 1024K, 45 young (46080K), 5 survivors (5120K)
 Metaspace       used 117310K, capacity 120468K, committed 120704K, reserved 1155072K
  class space    used 14584K, capacity 15714K, committed 15744K, reserved 1048576K
}
Event: 71.262 GC heap after
{Heap after GC invocations=93 (full 0):
 garbage-first heap   total 328704K, used 238844K [0x0000000080000000, 0x0000000100000000)
  region size 1024K, 6 young (6144K), 6 survivors (6144K)
 Metaspace       used 117310K, capacity 120468K, committed 120704K, reserved 1155072K
  class space    used 14584K, capacity 15714K, committed 15744K, reserved 1048576K
}
Event: 71.433 GC heap before
{Heap before GC invocations=93 (full 0):
 garbage-first heap   total 328704K, used 277756K [0x0000000080000000, 0x0000000100000000)
  region size 1024K, 45 young (46080K), 6 survivors (6144K)
 Metaspace       used 117949K, capacity 121184K, committed 121344K, reserved 1155072K
  class space    used 14666K, capacity 15799K, committed 15872K, reserved 1048576K
}

