# JRE version: OpenJDK Runtime Environment (11.0.13) (build 11.0.13+0-b1751.21-8125866)
# Java VM: OpenJDK 64-Bit Server VM (11.0.13+0-b1751.21-8125866, mixed mode, tiered, compressed oops, g1 gc, windows-amd64)
Heap:
 garbage-first heap   total 233472K, used 130782K [0x0000000080000000, 0x0000000100000000)
  region size 1024K, 8 young (8192K), 8 survivors (8192K)
 Metaspace       used 90900K, capacity 93156K, committed 93776K, reserved 1130496K
  class space    used 11695K, capacity 12474K, committed 12704K, reserved 1048576K
GC Heap History (20 events):
Event: 11.171 GC heap after
{Heap after GC invocations=15 (full 0):
 garbage-first heap   total 157696K, used 53651K [0x0000000080000000, 0x0000000100000000)
  region size 1024K, 9 young (9216K), 9 survivors (9216K)
 Metaspace       used 63867K, capacity 65342K, committed 65616K, reserved 1105920K
  class space    used 8028K, capacity 8573K, committed 8608K, reserved 1048576K
}
Event: 11.860 GC heap before
{Heap before GC invocations=16 (full 0):
 garbage-first heap   total 157696K, used 118163K [0x0000000080000000, 0x0000000100000000)
  region size 1024K, 71 young (72704K), 9 survivors (9216K)
 Metaspace       used 65383K, capacity 67068K, committed 67152K, reserved 1107968K
  class space    used 8252K, capacity 8860K, committed 8864K, reserved 1048576K
}
Event: 11.872 GC heap after
{Heap after GC invocations=17 (full 0):
 garbage-first heap   total 157696K, used 58106K [0x0000000080000000, 0x0000000100000000)
  region size 1024K, 5 young (5120K), 5 survivors (5120K)
 Metaspace       used 65383K, capacity 67068K, committed 67152K, reserved 1107968K
  class space    used 8252K, capacity 8860K, committed 8864K, reserved 1048576K
}
Event: 12.939 GC heap before
{Heap before GC invocations=17 (full 0):
 garbage-first heap   total 157696K, used 119546K [0x0000000080000000, 0x0000000100000000)
  region size 1024K, 65 young (66560K), 5 survivors (5120K)
 Metaspace       used 71225K, capacity 72947K, committed 73040K, reserved 1112064K
  class space    used 9184K, capacity 9807K, committed 9888K, reserved 1048576K
}
Event: 12.949 GC heap after
{Heap after GC invocations=18 (full 0):
 garbage-first heap   total 189440K, used 61717K [0x0000000080000000, 0x0000000100000000)
  region size 1024K, 9 young (9216K), 9 survivors (9216K)
 Metaspace       used 71225K, capacity 72947K, committed 73040K, reserved 1112064K
  class space    used 9184K, capacity 9807K, committed 9888K, reserved 1048576K
}
Event: 13.875 GC heap before
{Heap before GC invocations=18 (full 0):
 garbage-first heap   total 189440K, used 134421K [0x0000000080000000, 0x0000000100000000)
  region size 1024K, 80 young (81920K), 9 survivors (9216K)
 Metaspace       used 75465K, capacity 77211K, committed 77520K, reserved 1116160K
  class space    used 9835K, capacity 10470K, committed 10528K, reserved 1048576K
}
Event: 13.886 GC heap after
{Heap after GC invocations=19 (full 0):
 garbage-first heap   total 189440K, used 66307K [0x0000000080000000, 0x0000000100000000)
  region size 1024K, 9 young (9216K), 9 survivors (9216K)
 Metaspace       used 75465K, capacity 77211K, committed 77520K, reserved 1116160K
  class space    used 9835K, capacity 10470K, committed 10528K, reserved 1048576K
}
Event: 15.249 GC heap before
{Heap before GC invocations=19 (full 0):
 garbage-first heap   total 189440K, used 140035K [0x0000000080000000, 0x0000000100000000)
  region size 1024K, 81 young (82944K), 9 survivors (9216K)
 Metaspace       used 81742K, capacity 83862K, committed 84176K, reserved 1122304K
  class space    used 10703K, capacity 11459K, committed 11552K, reserved 1048576K
}
Event: 15.264 GC heap after
{Heap after GC invocations=20 (full 0):
 garbage-first heap   total 189440K, used 72704K [0x0000000080000000, 0x0000000100000000)
  region size 1024K, 11 young (11264K), 11 survivors (11264K)
 Metaspace       used 81742K, capacity 83862K, committed 84176K, reserved 1122304K
  class space    used 10703K, capacity 11459K, committed 11552K, reserved 1048576K
}
Event: 15.725 GC heap before
{Heap before GC invocations=20 (full 0):
 garbage-first heap   total 189440K, used 143360K [0x0000000080000000, 0x0000000100000000)
  region size 1024K, 81 young (82944K), 11 survivors (11264K)
 Metaspace       used 82584K, capacity 84944K, committed 85200K, reserved 1122304K
  class space    used 10840K, capacity 11692K, committed 11808K, reserved 1048576K
}
Event: 15.745 GC heap after
{Heap after GC invocations=21 (full 0):
 garbage-first heap   total 189440K, used 79200K [0x0000000080000000, 0x0000000100000000)
  region size 1024K, 7 young (7168K), 7 survivors (7168K)
 Metaspace       used 82584K, capacity 84944K, committed 85200K, reserved 1122304K
  class space    used 10840K, capacity 11692K, committed 11808K, reserved 1048576K
}
Event: 16.323 GC heap before
{Heap before GC invocations=21 (full 0):
 garbage-first heap   total 189440K, used 146784K [0x0000000080000000, 0x0000000100000000)
  region size 1024K, 74 young (75776K), 7 survivors (7168K)
 Metaspace       used 83293K, capacity 85622K, committed 85712K, reserved 1124352K
  class space    used 10892K, capacity 11759K, committed 11808K, reserved 1048576K
}
Event: 16.333 GC heap after
{Heap after GC invocations=22 (full 0):
 garbage-first heap   total 189440K, used 84992K [0x0000000080000000, 0x0000000100000000)
  region size 1024K, 8 young (8192K), 8 survivors (8192K)
 Metaspace       used 83293K, capacity 85622K, committed 85712K, reserved 1124352K
  class space    used 10892K, capacity 11759K, committed 11808K, reserved 1048576K
}
Event: 16.947 GC heap before
{Heap before GC invocations=22 (full 0):
 garbage-first heap   total 189440K, used 149504K [0x0000000080000000, 0x0000000100000000)
  region size 1024K, 72 young (73728K), 8 survivors (8192K)
 Metaspace       used 85347K, capacity 87736K, committed 87888K, reserved 1126400K
  class space    used 11064K, capacity 11930K, committed 11936K, reserved 1048576K
}
Event: 16.959 GC heap after
{Heap after GC invocations=23 (full 0):
 garbage-first heap   total 189440K, used 88808K [0x0000000080000000, 0x0000000100000000)
  region size 1024K, 7 young (7168K), 7 survivors (7168K)
 Metaspace       used 85347K, capacity 87736K, committed 87888K, reserved 1126400K
  class space    used 11064K, capacity 11930K, committed 11936K, reserved 1048576K
}
Event: 17.311 GC heap before
{Heap before GC invocations=23 (full 0):
 garbage-first heap   total 189440K, used 150248K [0x0000000080000000, 0x0000000100000000)
  region size 1024K, 69 young (70656K), 7 survivors (7168K)
 Metaspace       used 87204K, capacity 89556K, committed 89680K, reserved 1126400K
  class space    used 11305K, capacity 12180K, committed 12192K, reserved 1048576K
}
Event: 17.321 GC heap after
{Heap after GC invocations=24 (full 0):
 garbage-first heap   total 189440K, used 92489K [0x0000000080000000, 0x0000000100000000)
  region size 1024K, 6 young (6144K), 6 survivors (6144K)
 Metaspace       used 87204K, capacity 89556K, committed 89680K, reserved 1126400K
  class space    used 11305K, capacity 12180K, committed 12192K, reserved 1048576K
}
Event: 17.849 GC heap before
{Heap before GC invocations=24 (full 0):
 garbage-first heap   total 189440K, used 144713K [0x0000000080000000, 0x0000000100000000)
  region size 1024K, 59 young (60416K), 6 survivors (6144K)
 Metaspace       used 88693K, capacity 91041K, committed 91216K, reserved 1128448K
  class space    used 11479K, capacity 12351K, committed 12448K, reserved 1048576K
}
Event: 17.867 GC heap after
{Heap after GC invocations=25 (full 0):
 garbage-first heap   total 189440K, used 95869K [0x0000000080000000, 0x0000000100000000)
  region size 1024K, 5 young (5120K), 5 survivors (5120K)
 Metaspace       used 88693K, capacity 91041K, committed 91216K, reserved 1128448K
  class space    used 11479K, capacity 12351K, committed 12448K, reserved 1048576K
}
Event: 18.295 GC heap before
{Heap before GC invocations=26 (full 0):
 garbage-first heap   total 189440K, used 174717K [0x0000000080000000, 0x0000000100000000)
  region size 1024K, 62 young (63488K), 5 survivors (5120K)
 Metaspace       used 90900K, capacity 93156K, committed 93776K, reserved 1130496K
  class space    used 11695K, capacity 12474K, committed 12704K, reserved 1048576K
}

