# JRE version: OpenJDK Runtime Environment (11.0.13) (build 11.0.13+0-b1751.21-8125866)
# Java VM: OpenJDK 64-Bit Server VM (11.0.13+0-b1751.21-8125866, mixed mode, tiered, compressed oops, g1 gc, windows-amd64)
Heap:
 garbage-first heap   total 204800K, used 196686K [0x0000000080000000, 0x0000000100000000)
  region size 1024K, 22 young (22528K), 3 survivors (3072K)
 Metaspace       used 92995K, capacity 95294K, committed 95784K, reserved 1132544K
  class space    used 11989K, capacity 12807K, committed 13004K, reserved 1048576K
GC Heap History (20 events):
Event: 18.825 GC heap after
{Heap after GC invocations=24 (full 0):
 garbage-first heap   total 189440K, used 88172K [0x0000000080000000, 0x0000000100000000)
  region size 1024K, 7 young (7168K), 7 survivors (7168K)
 Metaspace       used 83321K, capacity 85675K, committed 85928K, reserved 1124352K
  class space    used 10873K, capacity 11732K, committed 11852K, reserved 1048576K
}
Event: 19.364 GC heap before
{Heap before GC invocations=24 (full 0):
 garbage-first heap   total 189440K, used 146540K [0x0000000080000000, 0x0000000100000000)
  region size 1024K, 65 young (66560K), 7 survivors (7168K)
 Metaspace       used 85552K, capacity 87908K, committed 88104K, reserved 1126400K
  class space    used 11089K, capacity 11962K, committed 11980K, reserved 1048576K
}
Event: 19.374 GC heap after
{Heap after GC invocations=25 (full 0):
 garbage-first heap   total 189440K, used 92101K [0x0000000080000000, 0x0000000100000000)
  region size 1024K, 6 young (6144K), 6 survivors (6144K)
 Metaspace       used 85552K, capacity 87908K, committed 88104K, reserved 1126400K
  class space    used 11089K, capacity 11962K, committed 11980K, reserved 1048576K
}
Event: 19.567 GC heap before
{Heap before GC invocations=25 (full 0):
 garbage-first heap   total 189440K, used 148421K [0x0000000080000000, 0x0000000100000000)
  region size 1024K, 62 young (63488K), 6 survivors (6144K)
 Metaspace       used 87306K, capacity 89742K, committed 89896K, reserved 1126400K
  class space    used 11312K, capacity 12179K, committed 12236K, reserved 1048576K
}
Event: 19.579 GC heap after
{Heap after GC invocations=26 (full 0):
 garbage-first heap   total 189440K, used 95831K [0x0000000080000000, 0x0000000100000000)
  region size 1024K, 6 young (6144K), 6 survivors (6144K)
 Metaspace       used 87306K, capacity 89742K, committed 89896K, reserved 1126400K
  class space    used 11312K, capacity 12179K, committed 12236K, reserved 1048576K
}
Event: 19.900 GC heap before
{Heap before GC invocations=27 (full 0):
 garbage-first heap   total 189440K, used 158295K [0x0000000080000000, 0x0000000100000000)
  region size 1024K, 60 young (61440K), 6 survivors (6144K)
 Metaspace       used 88485K, capacity 90733K, committed 91304K, reserved 1128448K
  class space    used 11400K, capacity 12200K, committed 12364K, reserved 1048576K
}
Event: 19.911 GC heap after
{Heap after GC invocations=28 (full 0):
 garbage-first heap   total 189440K, used 110950K [0x0000000080000000, 0x0000000100000000)
  region size 1024K, 8 young (8192K), 8 survivors (8192K)
 Metaspace       used 88485K, capacity 90733K, committed 91304K, reserved 1128448K
  class space    used 11400K, capacity 12200K, committed 12364K, reserved 1048576K
}
Event: 19.914 GC heap before
{Heap before GC invocations=28 (full 0):
 garbage-first heap   total 189440K, used 110950K [0x0000000080000000, 0x0000000100000000)
  region size 1024K, 9 young (9216K), 8 survivors (8192K)
 Metaspace       used 88494K, capacity 90733K, committed 91304K, reserved 1128448K
  class space    used 11401K, capacity 12200K, committed 12364K, reserved 1048576K
}
Event: 19.920 GC heap after
{Heap after GC invocations=29 (full 0):
 garbage-first heap   total 189440K, used 111585K [0x0000000080000000, 0x0000000100000000)
  region size 1024K, 1 young (1024K), 1 survivors (1024K)
 Metaspace       used 88494K, capacity 90733K, committed 91304K, reserved 1128448K
  class space    used 11401K, capacity 12200K, committed 12364K, reserved 1048576K
}
Event: 19.922 GC heap before
{Heap before GC invocations=29 (full 0):
 garbage-first heap   total 189440K, used 111585K [0x0000000080000000, 0x0000000100000000)
  region size 1024K, 2 young (2048K), 1 survivors (1024K)
 Metaspace       used 88503K, capacity 90733K, committed 91304K, reserved 1128448K
  class space    used 11401K, capacity 12200K, committed 12364K, reserved 1048576K
}
Event: 19.926 GC heap after
{Heap after GC invocations=30 (full 0):
 garbage-first heap   total 189440K, used 111227K [0x0000000080000000, 0x0000000100000000)
  region size 1024K, 1 young (1024K), 1 survivors (1024K)
 Metaspace       used 88503K, capacity 90733K, committed 91304K, reserved 1128448K
  class space    used 11401K, capacity 12200K, committed 12364K, reserved 1048576K
}
Event: 20.170 GC heap before
{Heap before GC invocations=30 (full 0):
 garbage-first heap   total 189440K, used 159355K [0x0000000080000000, 0x0000000100000000)
  region size 1024K, 36 young (36864K), 1 survivors (1024K)
 Metaspace       used 89998K, capacity 92281K, committed 92840K, reserved 1130496K
  class space    used 11585K, capacity 12396K, committed 12620K, reserved 1048576K
}
Event: 20.176 GC heap after
{Heap after GC invocations=31 (full 0):
 garbage-first heap   total 189440K, used 131920K [0x0000000080000000, 0x0000000100000000)
  region size 1024K, 5 young (5120K), 5 survivors (5120K)
 Metaspace       used 89998K, capacity 92281K, committed 92840K, reserved 1130496K
  class space    used 11585K, capacity 12396K, committed 12620K, reserved 1048576K
}
Event: 20.365 GC heap before
{Heap before GC invocations=32 (full 0):
 garbage-first heap   total 189440K, used 154448K [0x0000000080000000, 0x0000000100000000)
  region size 1024K, 28 young (28672K), 5 survivors (5120K)
 Metaspace       used 91744K, capacity 94001K, committed 94504K, reserved 1130496K
  class space    used 11809K, capacity 12610K, committed 12748K, reserved 1048576K
}
Event: 20.372 GC heap after
{Heap after GC invocations=33 (full 0):
 garbage-first heap   total 189440K, used 136077K [0x0000000080000000, 0x0000000100000000)
  region size 1024K, 4 young (4096K), 4 survivors (4096K)
 Metaspace       used 91744K, capacity 94001K, committed 94504K, reserved 1130496K
  class space    used 11809K, capacity 12610K, committed 12748K, reserved 1048576K
}
Event: 20.398 GC heap before
{Heap before GC invocations=33 (full 0):
 garbage-first heap   total 189440K, used 141197K [0x0000000080000000, 0x0000000100000000)
  region size 1024K, 9 young (9216K), 4 survivors (4096K)
 Metaspace       used 92091K, capacity 94419K, committed 94888K, reserved 1132544K
  class space    used 11865K, capacity 12686K, committed 12876K, reserved 1048576K
}
Event: 20.406 GC heap after
{Heap after GC invocations=34 (full 0):
 garbage-first heap   total 189440K, used 135320K [0x0000000080000000, 0x0000000100000000)
  region size 1024K, 2 young (2048K), 2 survivors (2048K)
 Metaspace       used 92091K, capacity 94419K, committed 94888K, reserved 1132544K
  class space    used 11865K, capacity 12686K, committed 12876K, reserved 1048576K
}
Event: 20.473 GC heap before
{Heap before GC invocations=34 (full 0):
 garbage-first heap   total 189440K, used 143512K [0x0000000080000000, 0x0000000100000000)
  region size 1024K, 12 young (12288K), 2 survivors (2048K)
 Metaspace       used 92661K, capacity 94989K, committed 95400K, reserved 1132544K
  class space    used 11937K, capacity 12767K, committed 12876K, reserved 1048576K
}
Event: 20.478 GC heap after
{Heap after GC invocations=35 (full 0):
 garbage-first heap   total 189440K, used 136270K [0x0000000080000000, 0x0000000100000000)
  region size 1024K, 3 young (3072K), 3 survivors (3072K)
 Metaspace       used 92661K, capacity 94989K, committed 95400K, reserved 1132544K
  class space    used 11937K, capacity 12767K, committed 12876K, reserved 1048576K
}
Event: 20.625 GC heap before
{Heap before GC invocations=35 (full 0):
 garbage-first heap   total 197632K, used 195662K [0x0000000080000000, 0x0000000100000000)
  region size 1024K, 22 young (22528K), 3 survivors (3072K)
 Metaspace       used 92995K, capacity 95294K, committed 95784K, reserved 1132544K
  class space    used 11989K, capacity 12807K, committed 13004K, reserved 1048576K
}

