# JRE version: OpenJDK Runtime Environment (11.0.13) (build 11.0.13+0-b1751.21-8125866)
# Java VM: OpenJDK 64-Bit Server VM (11.0.13+0-b1751.21-8125866, mixed mode, tiered, compressed oops, g1 gc, windows-amd64)
Heap:
 garbage-first heap   total 227328K, used 117306K [0x0000000080000000, 0x0000000100000000)
  region size 1024K, 6 young (6144K), 5 survivors (5120K)
 Metaspace       used 80302K, capacity 82263K, committed 82380K, reserved 1120256K
  class space    used 10462K, capacity 11130K, committed 11212K, reserved 1048576K
GC Heap History (20 events):
Event: 13.106 GC heap before
{Heap before GC invocations=27 (full 0):
 garbage-first heap   total 157696K, used 115857K [0x0000000080000000, 0x0000000100000000)
  region size 1024K, 26 young (26624K), 1 survivors (1024K)
 Metaspace       used 63486K, capacity 65323K, committed 65612K, reserved 1105920K
  class space    used 8098K, capacity 8715K, committed 8780K, reserved 1048576K
}
Event: 13.109 GC heap after
{Heap after GC invocations=28 (full 0):
 garbage-first heap   total 157696K, used 92414K [0x0000000080000000, 0x0000000100000000)
  region size 1024K, 3 young (3072K), 3 survivors (3072K)
 Metaspace       used 63486K, capacity 65323K, committed 65612K, reserved 1105920K
  class space    used 8098K, capacity 8715K, committed 8780K, reserved 1048576K
}
Event: 13.734 GC heap before
{Heap before GC invocations=28 (full 0):
 garbage-first heap   total 157696K, used 118014K [0x0000000080000000, 0x0000000100000000)
  region size 1024K, 28 young (28672K), 3 survivors (3072K)
 Metaspace       used 67504K, capacity 69431K, committed 69580K, reserved 1110016K
  class space    used 8613K, capacity 9335K, committed 9420K, reserved 1048576K
}
Event: 13.743 GC heap after
{Heap after GC invocations=29 (full 0):
 garbage-first heap   total 157696K, used 94966K [0x0000000080000000, 0x0000000100000000)
  region size 1024K, 4 young (4096K), 4 survivors (4096K)
 Metaspace       used 67504K, capacity 69431K, committed 69580K, reserved 1110016K
  class space    used 8613K, capacity 9335K, committed 9420K, reserved 1048576K
}
Event: 13.939 GC heap before
{Heap before GC invocations=30 (full 0):
 garbage-first heap   total 157696K, used 113398K [0x0000000080000000, 0x0000000100000000)
  region size 1024K, 19 young (19456K), 4 survivors (4096K)
 Metaspace       used 67577K, capacity 69489K, committed 69580K, reserved 1110016K
  class space    used 8623K, capacity 9332K, committed 9420K, reserved 1048576K
}
Event: 13.949 GC heap after
{Heap after GC invocations=31 (full 0):
 garbage-first heap   total 189440K, used 101396K [0x0000000080000000, 0x0000000100000000)
  region size 1024K, 4 young (4096K), 4 survivors (4096K)
 Metaspace       used 67577K, capacity 69489K, committed 69580K, reserved 1110016K
  class space    used 8623K, capacity 9332K, committed 9420K, reserved 1048576K
}
Event: 14.654 GC heap before
{Heap before GC invocations=32 (full 0):
 garbage-first heap   total 189440K, used 137236K [0x0000000080000000, 0x0000000100000000)
  region size 1024K, 37 young (37888K), 4 survivors (4096K)
 Metaspace       used 70171K, capacity 72097K, committed 72140K, reserved 1112064K
  class space    used 8944K, capacity 9661K, committed 9676K, reserved 1048576K
}
Event: 14.659 GC heap after
{Heap after GC invocations=33 (full 0):
 garbage-first heap   total 189440K, used 99775K [0x0000000080000000, 0x0000000100000000)
  region size 1024K, 2 young (2048K), 2 survivors (2048K)
 Metaspace       used 70171K, capacity 72097K, committed 72140K, reserved 1112064K
  class space    used 8944K, capacity 9661K, committed 9676K, reserved 1048576K
}
Event: 14.856 GC heap before
{Heap before GC invocations=33 (full 0):
 garbage-first heap   total 189440K, used 113087K [0x0000000080000000, 0x0000000100000000)
  region size 1024K, 16 young (16384K), 2 survivors (2048K)
 Metaspace       used 71271K, capacity 73194K, committed 73292K, reserved 1112064K
  class space    used 9096K, capacity 9791K, committed 9804K, reserved 1048576K
}
Event: 14.860 GC heap after
{Heap after GC invocations=34 (full 0):
 garbage-first heap   total 189440K, used 100589K [0x0000000080000000, 0x0000000100000000)
  region size 1024K, 3 young (3072K), 3 survivors (3072K)
 Metaspace       used 71271K, capacity 73194K, committed 73292K, reserved 1112064K
  class space    used 9096K, capacity 9791K, committed 9804K, reserved 1048576K
}
Event: 15.423 GC heap before
{Heap before GC invocations=35 (full 0):
 garbage-first heap   total 189440K, used 135405K [0x0000000080000000, 0x0000000100000000)
  region size 1024K, 37 young (37888K), 3 survivors (3072K)
 Metaspace       used 72880K, capacity 74934K, committed 75084K, reserved 1114112K
  class space    used 9314K, capacity 10020K, committed 10060K, reserved 1048576K
}
Event: 15.429 GC heap after
{Heap after GC invocations=36 (full 0):
 garbage-first heap   total 189440K, used 102043K [0x0000000080000000, 0x0000000100000000)
  region size 1024K, 4 young (4096K), 4 survivors (4096K)
 Metaspace       used 72880K, capacity 74934K, committed 75084K, reserved 1114112K
  class space    used 9314K, capacity 10020K, committed 10060K, reserved 1048576K
}
Event: 15.872 GC heap before
{Heap before GC invocations=36 (full 0):
 garbage-first heap   total 189440K, used 138907K [0x0000000080000000, 0x0000000100000000)
  region size 1024K, 40 young (40960K), 4 survivors (4096K)
 Metaspace       used 73969K, capacity 76125K, committed 76364K, reserved 1116160K
  class space    used 9441K, capacity 10182K, committed 10316K, reserved 1048576K
}
Event: 15.883 GC heap after
{Heap after GC invocations=37 (full 0):
 garbage-first heap   total 189440K, used 104252K [0x0000000080000000, 0x0000000100000000)
  region size 1024K, 3 young (3072K), 3 survivors (3072K)
 Metaspace       used 73969K, capacity 76125K, committed 76364K, reserved 1116160K
  class space    used 9441K, capacity 10182K, committed 10316K, reserved 1048576K
}
Event: 16.855 GC heap before
{Heap before GC invocations=38 (full 0):
 garbage-first heap   total 189440K, used 142140K [0x0000000080000000, 0x0000000100000000)
  region size 1024K, 40 young (40960K), 3 survivors (3072K)
 Metaspace       used 78271K, capacity 80438K, committed 80588K, reserved 1118208K
  class space    used 10176K, capacity 10931K, committed 10956K, reserved 1048576K
}
Event: 16.864 GC heap after
{Heap after GC invocations=39 (full 0):
 garbage-first heap   total 189440K, used 106266K [0x0000000080000000, 0x0000000100000000)
  region size 1024K, 5 young (5120K), 5 survivors (5120K)
 Metaspace       used 78271K, capacity 80438K, committed 80588K, reserved 1118208K
  class space    used 10176K, capacity 10931K, committed 10956K, reserved 1048576K
}
Event: 17.243 GC heap before
{Heap before GC invocations=39 (full 0):
 garbage-first heap   total 189440K, used 145178K [0x0000000080000000, 0x0000000100000000)
  region size 1024K, 43 young (44032K), 5 survivors (5120K)
 Metaspace       used 79092K, capacity 81187K, committed 81228K, reserved 1120256K
  class space    used 10310K, capacity 11052K, committed 11084K, reserved 1048576K
}
Event: 17.258 GC heap after
{Heap after GC invocations=40 (full 0):
 garbage-first heap   total 189440K, used 109356K [0x0000000080000000, 0x0000000100000000)
  region size 1024K, 6 young (6144K), 6 survivors (6144K)
 Metaspace       used 79092K, capacity 81187K, committed 81228K, reserved 1120256K
  class space    used 10310K, capacity 11052K, committed 11084K, reserved 1048576K
}
Event: 17.687 GC heap before
{Heap before GC invocations=41 (full 0):
 garbage-first heap   total 189440K, used 127788K [0x0000000080000000, 0x0000000100000000)
  region size 1024K, 25 young (25600K), 6 survivors (6144K)
 Metaspace       used 80302K, capacity 82263K, committed 82380K, reserved 1120256K
  class space    used 10462K, capacity 11130K, committed 11212K, reserved 1048576K
}
Event: 17.702 GC heap after
{Heap after GC invocations=42 (full 0):
 garbage-first heap   total 227328K, used 111162K [0x0000000080000000, 0x0000000100000000)
  region size 1024K, 5 young (5120K), 5 survivors (5120K)
 Metaspace       used 80302K, capacity 82263K, committed 82380K, reserved 1120256K
  class space    used 10462K, capacity 11130K, committed 11212K, reserved 1048576K
}

