# JRE version: OpenJDK Runtime Environment (11.0.13) (build 11.0.13+0-b1751.21-8125866)
# Java VM: OpenJDK 64-Bit Server VM (11.0.13+0-b1751.21-8125866, mixed mode, tiered, compressed oops, g1 gc, windows-amd64)
Heap:
 garbage-first heap   total 1123328K, used 324096K [0x0000000080000000, 0x0000000100000000)
  region size 1024K, 7 young (7168K), 7 survivors (7168K)
 Metaspace       used 96904K, capacity 99313K, committed 99536K, reserved 1134592K
  class space    used 12668K, capacity 13558K, committed 13568K, reserved 1048576K
GC Heap History (20 events):
Event: 18.976 GC heap after
{Heap after GC invocations=28 (full 0):
 garbage-first heap   total 189440K, used 128810K [0x0000000080000000, 0x0000000100000000)
  region size 1024K, 4 young (4096K), 4 survivors (4096K)
 Metaspace       used 91643K, capacity 93845K, committed 94416K, reserved 1130496K
  class space    used 11804K, capacity 12606K, committed 12800K, reserved 1048576K
}
Event: 19.049 GC heap before
{Heap before GC invocations=28 (full 0):
 garbage-first heap   total 201728K, used 199466K [0x0000000080000000, 0x0000000100000000)
  region size 1024K, 25 young (25600K), 4 survivors (4096K)
 Metaspace       used 91977K, capacity 94150K, committed 94672K, reserved 1130496K
  class space    used 11855K, capacity 12646K, committed 12800K, reserved 1048576K
}
Event: 19.057 GC heap after
{Heap after GC invocations=29 (full 0):
 garbage-first heap   total 254976K, used 155523K [0x0000000080000000, 0x0000000100000000)
  region size 1024K, 4 young (4096K), 4 survivors (4096K)
 Metaspace       used 91977K, capacity 94150K, committed 94672K, reserved 1130496K
  class space    used 11855K, capacity 12646K, committed 12800K, reserved 1048576K
}
Event: 19.623 GC heap before
{Heap before GC invocations=30 (full 0):
 garbage-first heap   total 254976K, used 193411K [0x0000000080000000, 0x0000000100000000)
  region size 1024K, 39 young (39936K), 4 survivors (4096K)
 Metaspace       used 92268K, capacity 94478K, committed 95056K, reserved 1132544K
  class space    used 11899K, capacity 12712K, committed 12928K, reserved 1048576K
}
Event: 19.667 GC heap after
{Heap after GC invocations=31 (full 0):
 garbage-first heap   total 254976K, used 172300K [0x0000000080000000, 0x0000000100000000)
  region size 1024K, 6 young (6144K), 6 survivors (6144K)
 Metaspace       used 92268K, capacity 94478K, committed 95056K, reserved 1132544K
  class space    used 11899K, capacity 12712K, committed 12928K, reserved 1048576K
}
Event: 20.161 GC heap before
{Heap before GC invocations=32 (full 0):
 garbage-first heap   total 254976K, used 206092K [0x0000000080000000, 0x0000000100000000)
  region size 1024K, 37 young (37888K), 6 survivors (6144K)
 Metaspace       used 92268K, capacity 94478K, committed 95056K, reserved 1132544K
  class space    used 11899K, capacity 12712K, committed 12928K, reserved 1048576K
}
Event: 20.193 GC heap after
{Heap after GC invocations=33 (full 0):
 garbage-first heap   total 254976K, used 186257K [0x0000000080000000, 0x0000000100000000)
  region size 1024K, 5 young (5120K), 5 survivors (5120K)
 Metaspace       used 92268K, capacity 94478K, committed 95056K, reserved 1132544K
  class space    used 11899K, capacity 12712K, committed 12928K, reserved 1048576K
}
Event: 20.234 GC heap before
{Heap before GC invocations=33 (full 0):
 garbage-first heap   total 254976K, used 193425K [0x0000000080000000, 0x0000000100000000)
  region size 1024K, 13 young (13312K), 5 survivors (5120K)
 Metaspace       used 92268K, capacity 94478K, committed 95056K, reserved 1132544K
  class space    used 11899K, capacity 12712K, committed 12928K, reserved 1048576K
}
Event: 20.255 GC heap after
{Heap after GC invocations=34 (full 0):
 garbage-first heap   total 254976K, used 190675K [0x0000000080000000, 0x0000000100000000)
  region size 1024K, 4 young (4096K), 4 survivors (4096K)
 Metaspace       used 92268K, capacity 94478K, committed 95056K, reserved 1132544K
  class space    used 11899K, capacity 12712K, committed 12928K, reserved 1048576K
}
Event: 20.410 GC heap before
{Heap before GC invocations=34 (full 0):
 garbage-first heap   total 254976K, used 210131K [0x0000000080000000, 0x0000000100000000)
  region size 1024K, 20 young (20480K), 4 survivors (4096K)
 Metaspace       used 92268K, capacity 94478K, committed 95056K, reserved 1132544K
  class space    used 11899K, capacity 12712K, committed 12928K, reserved 1048576K
}
Event: 20.440 GC heap after
{Heap after GC invocations=35 (full 0):
 garbage-first heap   total 254976K, used 202321K [0x0000000080000000, 0x0000000100000000)
  region size 1024K, 3 young (3072K), 3 survivors (3072K)
 Metaspace       used 92268K, capacity 94478K, committed 95056K, reserved 1132544K
  class space    used 11899K, capacity 12712K, committed 12928K, reserved 1048576K
}
Event: 20.653 GC heap before
{Heap before GC invocations=35 (full 0):
 garbage-first heap   total 254976K, used 213585K [0x0000000080000000, 0x0000000100000000)
  region size 1024K, 15 young (15360K), 3 survivors (3072K)
 Metaspace       used 94174K, capacity 96482K, committed 96720K, reserved 1132544K
  class space    used 12346K, capacity 13202K, committed 13312K, reserved 1048576K
}
Event: 20.679 GC heap after
{Heap after GC invocations=36 (full 0):
 garbage-first heap   total 473088K, used 205856K [0x0000000080000000, 0x0000000100000000)
  region size 1024K, 2 young (2048K), 2 survivors (2048K)
 Metaspace       used 94174K, capacity 96482K, committed 96720K, reserved 1132544K
  class space    used 12346K, capacity 13202K, committed 13312K, reserved 1048576K
}
Event: 21.093 GC heap before
{Heap before GC invocations=37 (full 0):
 garbage-first heap   total 473088K, used 287776K [0x0000000080000000, 0x0000000100000000)
  region size 1024K, 83 young (84992K), 2 survivors (2048K)
 Metaspace       used 94760K, capacity 97023K, committed 97232K, reserved 1132544K
  class space    used 12386K, capacity 13227K, committed 13312K, reserved 1048576K
}
Event: 21.181 GC heap after
{Heap after GC invocations=38 (full 0):
 garbage-first heap   total 473088K, used 246648K [0x0000000080000000, 0x0000000100000000)
  region size 1024K, 11 young (11264K), 11 survivors (11264K)
 Metaspace       used 94760K, capacity 97023K, committed 97232K, reserved 1132544K
  class space    used 12386K, capacity 13227K, committed 13312K, reserved 1048576K
}
Event: 21.396 GC heap before
{Heap before GC invocations=38 (full 0):
 garbage-first heap   total 473088K, used 317304K [0x0000000080000000, 0x0000000100000000)
  region size 1024K, 81 young (82944K), 11 survivors (11264K)
 Metaspace       used 94765K, capacity 97023K, committed 97232K, reserved 1132544K
  class space    used 12386K, capacity 13227K, committed 13312K, reserved 1048576K
}
Event: 21.738 GC heap after
{Heap after GC invocations=39 (full 0):
 garbage-first heap   total 473088K, used 284160K [0x0000000080000000, 0x0000000100000000)
  region size 1024K, 11 young (11264K), 11 survivors (11264K)
 Metaspace       used 94765K, capacity 97023K, committed 97232K, reserved 1132544K
  class space    used 12386K, capacity 13227K, committed 13312K, reserved 1048576K
}
Event: 21.973 GC heap before
{Heap before GC invocations=39 (full 0):
 garbage-first heap   total 473088K, used 339456K [0x0000000080000000, 0x0000000100000000)
  region size 1024K, 66 young (67584K), 11 survivors (11264K)
 Metaspace       used 94795K, capacity 97087K, committed 97232K, reserved 1132544K
  class space    used 12386K, capacity 13227K, committed 13312K, reserved 1048576K
}
Event: 22.028 GC heap after
{Heap after GC invocations=40 (full 0):
 garbage-first heap   total 473088K, used 313856K [0x0000000080000000, 0x0000000100000000)
  region size 1024K, 9 young (9216K), 9 survivors (9216K)
 Metaspace       used 94795K, capacity 97087K, committed 97232K, reserved 1132544K
  class space    used 12386K, capacity 13227K, committed 13312K, reserved 1048576K
}
Event: 22.781 GC heap before
{Heap before GC invocations=41 (full 0):
 garbage-first heap   total 473088K, used 358912K [0x0000000080000000, 0x0000000100000000)
  region size 1024K, 56 young (57344K), 9 survivors (9216K)
 Metaspace       used 96904K, capacity 99313K, committed 99536K, reserved 1134592K
  class space    used 12668K, capacity 13558K, committed 13568K, reserved 1048576K
}

