# JRE version: OpenJDK Runtime Environment (11.0.13) (build 11.0.13+0-b1751.21-8125866)
# Java VM: OpenJDK 64-Bit Server VM (11.0.13+0-b1751.21-8125866, mixed mode, tiered, compressed oops, g1 gc, windows-amd64)
Heap:
 garbage-first heap   total 157696K, used 127465K [0x0000000080000000, 0x0000000100000000)
  region size 1024K, 28 young (28672K), 4 survivors (4096K)
 Metaspace       used 74322K, capacity 76453K, committed 76620K, reserved 1116160K
  class space    used 9504K, capacity 10272K, committed 10316K, reserved 1048576K
GC Heap History (20 events):
Event: 13.433 GC heap before
{Heap before GC invocations=16 (full 0):
 garbage-first heap   total 157696K, used 89326K [0x0000000080000000, 0x0000000100000000)
  region size 1024K, 12 young (12288K), 6 survivors (6144K)
 Metaspace       used 56050K, capacity 57734K, committed 58060K, reserved 1099776K
  class space    used 7203K, capacity 7785K, committed 7884K, reserved 1048576K
}
Event: 13.440 GC heap after
{Heap after GC invocations=17 (full 0):
 garbage-first heap   total 157696K, used 89441K [0x0000000080000000, 0x0000000100000000)
  region size 1024K, 7 young (7168K), 7 survivors (7168K)
 Metaspace       used 56050K, capacity 57734K, committed 58060K, reserved 1099776K
  class space    used 7203K, capacity 7785K, committed 7884K, reserved 1048576K
}
Event: 13.563 GC heap before
{Heap before GC invocations=18 (full 0):
 garbage-first heap   total 157696K, used 95585K [0x0000000080000000, 0x0000000100000000)
  region size 1024K, 13 young (13312K), 7 survivors (7168K)
 Metaspace       used 56050K, capacity 57734K, committed 58060K, reserved 1099776K
  class space    used 7203K, capacity 7785K, committed 7884K, reserved 1048576K
}
Event: 13.568 GC heap after
{Heap after GC invocations=19 (full 0):
 garbage-first heap   total 157696K, used 90569K [0x0000000080000000, 0x0000000100000000)
  region size 1024K, 2 young (2048K), 2 survivors (2048K)
 Metaspace       used 56050K, capacity 57734K, committed 58060K, reserved 1099776K
  class space    used 7203K, capacity 7785K, committed 7884K, reserved 1048576K
}
Event: 14.891 GC heap before
{Heap before GC invocations=20 (full 0):
 garbage-first heap   total 157696K, used 122313K [0x0000000080000000, 0x0000000100000000)
  region size 1024K, 31 young (31744K), 2 survivors (2048K)
 Metaspace       used 59482K, capacity 61267K, committed 61516K, reserved 1101824K
  class space    used 7631K, capacity 8253K, committed 8268K, reserved 1048576K
}
Event: 14.895 GC heap after
{Heap after GC invocations=21 (full 0):
 garbage-first heap   total 157696K, used 94046K [0x0000000080000000, 0x0000000100000000)
  region size 1024K, 4 young (4096K), 4 survivors (4096K)
 Metaspace       used 59482K, capacity 61267K, committed 61516K, reserved 1101824K
  class space    used 7631K, capacity 8253K, committed 8268K, reserved 1048576K
}
Event: 16.938 GC heap before
{Heap before GC invocations=21 (full 0):
 garbage-first heap   total 157696K, used 122718K [0x0000000080000000, 0x0000000100000000)
  region size 1024K, 32 young (32768K), 4 survivors (4096K)
 Metaspace       used 63790K, capacity 65715K, committed 65996K, reserved 1105920K
  class space    used 8142K, capacity 8799K, committed 8908K, reserved 1048576K
}
Event: 16.943 GC heap after
{Heap after GC invocations=22 (full 0):
 garbage-first heap   total 157696K, used 94805K [0x0000000080000000, 0x0000000100000000)
  region size 1024K, 3 young (3072K), 3 survivors (3072K)
 Metaspace       used 63790K, capacity 65715K, committed 65996K, reserved 1105920K
  class space    used 8142K, capacity 8799K, committed 8908K, reserved 1048576K
}
Event: 19.197 GC heap before
{Heap before GC invocations=23 (full 0):
 garbage-first heap   total 157696K, used 119381K [0x0000000080000000, 0x0000000100000000)
  region size 1024K, 28 young (28672K), 3 survivors (3072K)
 Metaspace       used 67646K, capacity 69622K, committed 69836K, reserved 1110016K
  class space    used 8632K, capacity 9333K, committed 9420K, reserved 1048576K
}
Event: 19.205 GC heap after
{Heap after GC invocations=24 (full 0):
 garbage-first heap   total 157696K, used 97195K [0x0000000080000000, 0x0000000100000000)
  region size 1024K, 4 young (4096K), 4 survivors (4096K)
 Metaspace       used 67646K, capacity 69622K, committed 69836K, reserved 1110016K
  class space    used 8632K, capacity 9333K, committed 9420K, reserved 1048576K
}
Event: 19.329 GC heap before
{Heap before GC invocations=25 (full 0):
 garbage-first heap   total 157696K, used 115627K [0x0000000080000000, 0x0000000100000000)
  region size 1024K, 18 young (18432K), 4 survivors (4096K)
 Metaspace       used 67652K, capacity 69628K, committed 69836K, reserved 1110016K
  class space    used 8633K, capacity 9334K, committed 9420K, reserved 1048576K
}
Event: 19.339 GC heap after
{Heap after GC invocations=26 (full 0):
 garbage-first heap   total 157696K, used 103754K [0x0000000080000000, 0x0000000100000000)
  region size 1024K, 4 young (4096K), 4 survivors (4096K)
 Metaspace       used 67652K, capacity 69628K, committed 69836K, reserved 1110016K
  class space    used 8633K, capacity 9334K, committed 9420K, reserved 1048576K
}
Event: 20.065 GC heap before
{Heap before GC invocations=27 (full 0):
 garbage-first heap   total 157696K, used 130378K [0x0000000080000000, 0x0000000100000000)
  region size 1024K, 28 young (28672K), 4 survivors (4096K)
 Metaspace       used 69816K, capacity 71770K, committed 71884K, reserved 1112064K
  class space    used 8905K, capacity 9594K, committed 9676K, reserved 1048576K
}
Event: 20.070 GC heap after
{Heap after GC invocations=28 (full 0):
 garbage-first heap   total 157696K, used 101513K [0x0000000080000000, 0x0000000100000000)
  region size 1024K, 2 young (2048K), 2 survivors (2048K)
 Metaspace       used 69816K, capacity 71770K, committed 71884K, reserved 1112064K
  class space    used 8905K, capacity 9594K, committed 9676K, reserved 1048576K
}
Event: 20.817 GC heap before
{Heap before GC invocations=28 (full 0):
 garbage-first heap   total 157696K, used 124041K [0x0000000080000000, 0x0000000100000000)
  region size 1024K, 25 young (25600K), 2 survivors (2048K)
 Metaspace       used 71352K, capacity 73266K, committed 73292K, reserved 1112064K
  class space    used 9107K, capacity 9792K, committed 9804K, reserved 1048576K
}
Event: 20.823 GC heap after
{Heap after GC invocations=29 (full 0):
 garbage-first heap   total 157696K, used 102893K [0x0000000080000000, 0x0000000100000000)
  region size 1024K, 3 young (3072K), 3 survivors (3072K)
 Metaspace       used 71352K, capacity 73266K, committed 73292K, reserved 1112064K
  class space    used 9107K, capacity 9792K, committed 9804K, reserved 1048576K
}
Event: 21.716 GC heap before
{Heap before GC invocations=30 (full 0):
 garbage-first heap   total 157696K, used 129517K [0x0000000080000000, 0x0000000100000000)
  region size 1024K, 29 young (29696K), 3 survivors (3072K)
 Metaspace       used 72506K, capacity 74550K, committed 74828K, reserved 1114112K
  class space    used 9259K, capacity 9978K, committed 10060K, reserved 1048576K
}
Event: 21.723 GC heap after
{Heap after GC invocations=31 (full 0):
 garbage-first heap   total 157696K, used 102877K [0x0000000080000000, 0x0000000100000000)
  region size 1024K, 3 young (3072K), 3 survivors (3072K)
 Metaspace       used 72506K, capacity 74550K, committed 74828K, reserved 1114112K
  class space    used 9259K, capacity 9978K, committed 10060K, reserved 1048576K
}
Event: 22.789 GC heap before
{Heap before GC invocations=31 (full 0):
 garbage-first heap   total 157696K, used 130525K [0x0000000080000000, 0x0000000100000000)
  region size 1024K, 30 young (30720K), 3 survivors (3072K)
 Metaspace       used 72687K, capacity 74814K, committed 74828K, reserved 1114112K
  class space    used 9291K, capacity 10046K, committed 10060K, reserved 1048576K
}
Event: 22.801 GC heap after
{Heap after GC invocations=32 (full 0):
 garbage-first heap   total 157696K, used 104937K [0x0000000080000000, 0x0000000100000000)
  region size 1024K, 4 young (4096K), 4 survivors (4096K)
 Metaspace       used 72687K, capacity 74814K, committed 74828K, reserved 1114112K
  class space    used 9291K, capacity 10046K, committed 10060K, reserved 1048576K
}

