# JRE version: OpenJDK Runtime Environment (11.0.13) (build 11.0.13+0-b1751.21-8125866)
# Java VM: OpenJDK 64-Bit Server VM (11.0.13+0-b1751.21-8125866, mixed mode, tiered, compressed oops, g1 gc, windows-amd64)
Heap:
 garbage-first heap   total 936960K, used 241590K [0x0000000080000000, 0x0000000100000000)
  region size 1024K, 7 young (7168K), 7 survivors (7168K)
 Metaspace       used 96408K, capacity 98882K, committed 99024K, reserved 1134592K
  class space    used 12554K, capacity 13501K, committed 13568K, reserved 1048576K
GC Heap History (20 events):
Event: 26.459 GC heap after
{Heap after GC invocations=40 (full 0):
 garbage-first heap   total 157696K, used 133505K [0x0000000080000000, 0x0000000100000000)
  region size 1024K, 1 young (1024K), 1 survivors (1024K)
 Metaspace       used 90223K, capacity 92416K, committed 92624K, reserved 1130496K
  class space    used 11592K, capacity 12390K, committed 12544K, reserved 1048576K
}
Event: 26.531 GC heap before
{Heap before GC invocations=41 (full 0):
 garbage-first heap   total 157696K, used 138625K [0x0000000080000000, 0x0000000100000000)
  region size 1024K, 7 young (7168K), 1 survivors (1024K)
 Metaspace       used 90725K, capacity 92992K, committed 93264K, reserved 1130496K
  class space    used 11652K, capacity 12494K, committed 12672K, reserved 1048576K
}
Event: 26.535 GC heap after
{Heap after GC invocations=42 (full 0):
 garbage-first heap   total 157696K, used 134557K [0x0000000080000000, 0x0000000100000000)
  region size 1024K, 1 young (1024K), 1 survivors (1024K)
 Metaspace       used 90725K, capacity 92992K, committed 93264K, reserved 1130496K
  class space    used 11652K, capacity 12494K, committed 12672K, reserved 1048576K
}
Event: 26.617 GC heap before
{Heap before GC invocations=42 (full 0):
 garbage-first heap   total 157696K, used 140701K [0x0000000080000000, 0x0000000100000000)
  region size 1024K, 7 young (7168K), 1 survivors (1024K)
 Metaspace       used 91279K, capacity 93577K, committed 93776K, reserved 1130496K
  class space    used 11711K, capacity 12559K, committed 12672K, reserved 1048576K
}
Event: 26.626 GC heap after
{Heap after GC invocations=43 (full 0):
 garbage-first heap   total 189440K, used 131676K [0x0000000080000000, 0x0000000100000000)
  region size 1024K, 1 young (1024K), 1 survivors (1024K)
 Metaspace       used 91279K, capacity 93577K, committed 93776K, reserved 1130496K
  class space    used 11711K, capacity 12559K, committed 12672K, reserved 1048576K
}
Event: 26.785 GC heap before
{Heap before GC invocations=43 (full 0):
 garbage-first heap   total 189440K, used 140892K [0x0000000080000000, 0x0000000100000000)
  region size 1024K, 12 young (12288K), 1 survivors (1024K)
 Metaspace       used 93204K, capacity 95527K, committed 95824K, reserved 1132544K
  class space    used 11964K, capacity 12821K, committed 12928K, reserved 1048576K
}
Event: 26.790 GC heap after
{Heap after GC invocations=44 (full 0):
 garbage-first heap   total 189440K, used 132821K [0x0000000080000000, 0x0000000100000000)
  region size 1024K, 3 young (3072K), 3 survivors (3072K)
 Metaspace       used 93204K, capacity 95527K, committed 95824K, reserved 1132544K
  class space    used 11964K, capacity 12821K, committed 12928K, reserved 1048576K
}
Event: 26.845 GC heap before
{Heap before GC invocations=44 (full 0):
 garbage-first heap   total 189440K, used 178901K [0x0000000080000000, 0x0000000100000000)
  region size 1024K, 20 young (20480K), 3 survivors (3072K)
 Metaspace       used 93563K, capacity 95896K, committed 96080K, reserved 1132544K
  class space    used 12018K, capacity 12861K, committed 12928K, reserved 1048576K
}
Event: 26.850 GC heap after
{Heap after GC invocations=45 (full 0):
 garbage-first heap   total 189440K, used 150485K [0x0000000080000000, 0x0000000100000000)
  region size 1024K, 3 young (3072K), 3 survivors (3072K)
 Metaspace       used 93563K, capacity 95896K, committed 96080K, reserved 1132544K
  class space    used 12018K, capacity 12861K, committed 12928K, reserved 1048576K
}
Event: 26.907 GC heap before
{Heap before GC invocations=45 (full 0):
 garbage-first heap   total 189440K, used 184277K [0x0000000080000000, 0x0000000100000000)
  region size 1024K, 13 young (13312K), 3 survivors (3072K)
 Metaspace       used 93640K, capacity 95960K, committed 96080K, reserved 1132544K
  class space    used 12023K, capacity 12861K, committed 12928K, reserved 1048576K
}
Event: 26.911 GC heap after
{Heap after GC invocations=46 (full 0):
 garbage-first heap   total 192512K, used 163672K [0x0000000080000000, 0x0000000100000000)
  region size 1024K, 2 young (2048K), 2 survivors (2048K)
 Metaspace       used 93640K, capacity 95960K, committed 96080K, reserved 1132544K
  class space    used 12023K, capacity 12861K, committed 12928K, reserved 1048576K
}
Event: 27.029 GC heap before
{Heap before GC invocations=46 (full 0):
 garbage-first heap   total 192512K, used 169816K [0x0000000080000000, 0x0000000100000000)
  region size 1024K, 9 young (9216K), 2 survivors (2048K)
 Metaspace       used 93916K, capacity 96238K, committed 96464K, reserved 1132544K
  class space    used 12071K, capacity 12932K, committed 13056K, reserved 1048576K
}
Event: 27.040 GC heap after
{Heap after GC invocations=47 (full 0):
 garbage-first heap   total 351232K, used 165743K [0x0000000080000000, 0x0000000100000000)
  region size 1024K, 2 young (2048K), 2 survivors (2048K)
 Metaspace       used 93916K, capacity 96238K, committed 96464K, reserved 1132544K
  class space    used 12071K, capacity 12932K, committed 13056K, reserved 1048576K
}
Event: 27.204 GC heap before
{Heap before GC invocations=48 (full 0):
 garbage-first heap   total 351232K, used 187247K [0x0000000080000000, 0x0000000100000000)
  region size 1024K, 25 young (25600K), 2 survivors (2048K)
 Metaspace       used 93929K, capacity 96238K, committed 96464K, reserved 1132544K
  class space    used 12072K, capacity 12932K, committed 13056K, reserved 1048576K
}
Event: 27.225 GC heap after
{Heap after GC invocations=49 (full 0):
 garbage-first heap   total 351232K, used 175772K [0x0000000080000000, 0x0000000100000000)
  region size 1024K, 9 young (9216K), 9 survivors (9216K)
 Metaspace       used 93929K, capacity 96238K, committed 96464K, reserved 1132544K
  class space    used 12072K, capacity 12932K, committed 13056K, reserved 1048576K
}
Event: 27.589 GC heap before
{Heap before GC invocations=50 (full 0):
 garbage-first heap   total 351232K, used 216732K [0x0000000080000000, 0x0000000100000000)
  region size 1024K, 48 young (49152K), 9 survivors (9216K)
 Metaspace       used 93929K, capacity 96238K, committed 96464K, reserved 1132544K
  class space    used 12072K, capacity 12932K, committed 13056K, reserved 1048576K
}
Event: 27.631 GC heap after
{Heap after GC invocations=51 (full 0):
 garbage-first heap   total 351232K, used 191407K [0x0000000080000000, 0x0000000100000000)
  region size 1024K, 9 young (9216K), 9 survivors (9216K)
 Metaspace       used 93929K, capacity 96238K, committed 96464K, reserved 1132544K
  class space    used 12072K, capacity 12932K, committed 13056K, reserved 1048576K
}
Event: 28.432 GC heap before
{Heap before GC invocations=52 (full 0):
 garbage-first heap   total 351232K, used 247727K [0x0000000080000000, 0x0000000100000000)
  region size 1024K, 60 young (61440K), 9 survivors (9216K)
 Metaspace       used 96264K, capacity 98736K, committed 99024K, reserved 1134592K
  class space    used 12554K, capacity 13501K, committed 13568K, reserved 1048576K
}
Event: 28.490 GC heap after
{Heap after GC invocations=53 (full 0):
 garbage-first heap   total 351232K, used 218071K [0x0000000080000000, 0x0000000100000000)
  region size 1024K, 8 young (8192K), 8 survivors (8192K)
 Metaspace       used 96264K, capacity 98736K, committed 99024K, reserved 1134592K
  class space    used 12554K, capacity 13501K, committed 13568K, reserved 1048576K
}
Event: 28.637 GC heap before
{Heap before GC invocations=53 (full 0):
 garbage-first heap   total 351232K, used 261079K [0x0000000080000000, 0x0000000100000000)
  region size 1024K, 51 young (52224K), 8 survivors (8192K)
 Metaspace       used 96408K, capacity 98882K, committed 99024K, reserved 1134592K
  class space    used 12554K, capacity 13501K, committed 13568K, reserved 1048576K
}

