# JRE version: OpenJDK Runtime Environment (11.0.13) (build 11.0.13+0-b1751.21-8125866)
# Java VM: OpenJDK 64-Bit Server VM (11.0.13+0-b1751.21-8125866, mixed mode, tiered, compressed oops, g1 gc, windows-amd64)
Heap:
 garbage-first heap   total 534528K, used 275005K [0x0000000080000000, 0x0000000100000000)
  region size 1024K, 2 young (2048K), 2 survivors (2048K)
 Metaspace       used 108696K, capacity 111723K, committed 111948K, reserved 1146880K
  class space    used 13847K, capacity 14912K, committed 14924K, reserved 1048576K
GC Heap History (20 events):
Event: 49.342 GC heap after
{Heap after GC invocations=93 (full 0):
 garbage-first heap   total 309248K, used 191118K [0x0000000080000000, 0x0000000100000000)
  region size 1024K, 2 young (2048K), 2 survivors (2048K)
 Metaspace       used 104530K, capacity 107484K, committed 107596K, reserved 1142784K
  class space    used 13294K, capacity 14304K, committed 14412K, reserved 1048576K
}
Event: 49.448 GC heap before
{Heap before GC invocations=93 (full 0):
 garbage-first heap   total 309248K, used 201358K [0x0000000080000000, 0x0000000100000000)
  region size 1024K, 13 young (13312K), 2 survivors (2048K)
 Metaspace       used 104846K, capacity 107839K, committed 108108K, reserved 1142784K
  class space    used 13319K, capacity 14337K, committed 14412K, reserved 1048576K
}
Event: 49.457 GC heap after
{Heap after GC invocations=94 (full 0):
 garbage-first heap   total 309248K, used 193509K [0x0000000080000000, 0x0000000100000000)
  region size 1024K, 5 young (5120K), 5 survivors (5120K)
 Metaspace       used 104846K, capacity 107839K, committed 108108K, reserved 1142784K
  class space    used 13319K, capacity 14337K, committed 14412K, reserved 1048576K
}
Event: 50.013 GC heap before
{Heap before GC invocations=95 (full 0):
 garbage-first heap   total 309248K, used 289765K [0x0000000080000000, 0x0000000100000000)
  region size 1024K, 68 young (69632K), 5 survivors (5120K)
 Metaspace       used 108217K, capacity 111228K, committed 111436K, reserved 1146880K
  class space    used 13774K, capacity 14833K, committed 14924K, reserved 1048576K
}
Event: 50.025 GC heap after
{Heap after GC invocations=96 (full 0):
 garbage-first heap   total 310272K, used 229026K [0x0000000080000000, 0x0000000100000000)
  region size 1024K, 9 young (9216K), 9 survivors (9216K)
 Metaspace       used 108217K, capacity 111228K, committed 111436K, reserved 1146880K
  class space    used 13774K, capacity 14833K, committed 14924K, reserved 1048576K
}
Event: 50.030 GC heap before
{Heap before GC invocations=96 (full 0):
 garbage-first heap   total 310272K, used 244386K [0x0000000080000000, 0x0000000100000000)
  region size 1024K, 15 young (15360K), 9 survivors (9216K)
 Metaspace       used 108221K, capacity 111228K, committed 111436K, reserved 1146880K
  class space    used 13774K, capacity 14833K, committed 14924K, reserved 1048576K
}
Event: 50.039 GC heap after
{Heap after GC invocations=97 (full 0):
 garbage-first heap   total 310272K, used 234768K [0x0000000080000000, 0x0000000100000000)
  region size 1024K, 2 young (2048K), 2 survivors (2048K)
 Metaspace       used 108221K, capacity 111228K, committed 111436K, reserved 1146880K
  class space    used 13774K, capacity 14833K, committed 14924K, reserved 1048576K
}
Event: 50.041 GC heap before
{Heap before GC invocations=97 (full 0):
 garbage-first heap   total 310272K, used 236816K [0x0000000080000000, 0x0000000100000000)
  region size 1024K, 5 young (5120K), 2 survivors (2048K)
 Metaspace       used 108222K, capacity 111228K, committed 111436K, reserved 1146880K
  class space    used 13774K, capacity 14833K, committed 14924K, reserved 1048576K
}
Event: 50.045 GC heap after
{Heap after GC invocations=98 (full 0):
 garbage-first heap   total 310272K, used 235767K [0x0000000080000000, 0x0000000100000000)
  region size 1024K, 3 young (3072K), 3 survivors (3072K)
 Metaspace       used 108222K, capacity 111228K, committed 111436K, reserved 1146880K
  class space    used 13774K, capacity 14833K, committed 14924K, reserved 1048576K
}
Event: 50.136 GC heap before
{Heap before GC invocations=98 (full 0):
 garbage-first heap   total 310272K, used 278775K [0x0000000080000000, 0x0000000100000000)
  region size 1024K, 22 young (22528K), 3 survivors (3072K)
 Metaspace       used 108471K, capacity 111516K, committed 111692K, reserved 1146880K
  class space    used 13813K, capacity 14865K, committed 14924K, reserved 1048576K
}
Event: 50.141 GC heap after
{Heap after GC invocations=99 (full 0):
 garbage-first heap   total 310272K, used 250779K [0x0000000080000000, 0x0000000100000000)
  region size 1024K, 3 young (3072K), 3 survivors (3072K)
 Metaspace       used 108471K, capacity 111516K, committed 111692K, reserved 1146880K
  class space    used 13813K, capacity 14865K, committed 14924K, reserved 1048576K
}
Event: 50.218 GC heap before
{Heap before GC invocations=99 (full 0):
 garbage-first heap   total 310272K, used 264091K [0x0000000080000000, 0x0000000100000000)
  region size 1024K, 16 young (16384K), 3 survivors (3072K)
 Metaspace       used 108548K, capacity 111588K, committed 111692K, reserved 1146880K
  class space    used 13818K, capacity 14867K, committed 14924K, reserved 1048576K
}
Event: 50.226 GC heap after
{Heap after GC invocations=100 (full 0):
 garbage-first heap   total 310272K, used 255475K [0x0000000080000000, 0x0000000100000000)
  region size 1024K, 2 young (2048K), 2 survivors (2048K)
 Metaspace       used 108548K, capacity 111588K, committed 111692K, reserved 1146880K
  class space    used 13818K, capacity 14867K, committed 14924K, reserved 1048576K
}
Event: 50.300 GC heap before
{Heap before GC invocations=100 (full 0):
 garbage-first heap   total 310272K, used 267763K [0x0000000080000000, 0x0000000100000000)
  region size 1024K, 15 young (15360K), 2 survivors (2048K)
 Metaspace       used 108550K, capacity 111588K, committed 111692K, reserved 1146880K
  class space    used 13818K, capacity 14867K, committed 14924K, reserved 1048576K
}
Event: 50.310 GC heap after
{Heap after GC invocations=101 (full 0):
 garbage-first heap   total 310272K, used 259615K [0x0000000080000000, 0x0000000100000000)
  region size 1024K, 2 young (2048K), 2 survivors (2048K)
 Metaspace       used 108550K, capacity 111588K, committed 111692K, reserved 1146880K
  class space    used 13818K, capacity 14867K, committed 14924K, reserved 1048576K
}
Event: 50.374 GC heap before
{Heap before GC invocations=101 (full 0):
 garbage-first heap   total 310272K, used 271903K [0x0000000080000000, 0x0000000100000000)
  region size 1024K, 15 young (15360K), 2 survivors (2048K)
 Metaspace       used 108550K, capacity 111588K, committed 111692K, reserved 1146880K
  class space    used 13818K, capacity 14867K, committed 14924K, reserved 1048576K
}
Event: 50.391 GC heap after
{Heap after GC invocations=102 (full 0):
 garbage-first heap   total 310272K, used 265325K [0x0000000080000000, 0x0000000100000000)
  region size 1024K, 2 young (2048K), 2 survivors (2048K)
 Metaspace       used 108550K, capacity 111588K, committed 111692K, reserved 1146880K
  class space    used 13818K, capacity 14867K, committed 14924K, reserved 1048576K
}
Event: 50.461 GC heap before
{Heap before GC invocations=103 (full 0):
 garbage-first heap   total 310272K, used 278637K [0x0000000080000000, 0x0000000100000000)
  region size 1024K, 15 young (15360K), 2 survivors (2048K)
 Metaspace       used 108551K, capacity 111588K, committed 111692K, reserved 1146880K
  class space    used 13818K, capacity 14867K, committed 14924K, reserved 1048576K
}
Event: 50.474 GC heap after
{Heap after GC invocations=104 (full 0):
 garbage-first heap   total 310272K, used 271137K [0x0000000080000000, 0x0000000100000000)
  region size 1024K, 2 young (2048K), 2 survivors (2048K)
 Metaspace       used 108551K, capacity 111588K, committed 111692K, reserved 1146880K
  class space    used 13818K, capacity 14867K, committed 14924K, reserved 1048576K
}
Event: 50.550 GC heap before
{Heap before GC invocations=104 (full 0):
 garbage-first heap   total 310272K, used 285473K [0x0000000080000000, 0x0000000100000000)
  region size 1024K, 15 young (15360K), 2 survivors (2048K)
 Metaspace       used 108696K, capacity 111723K, committed 111948K, reserved 1146880K
  class space    used 13847K, capacity 14912K, committed 14924K, reserved 1048576K
}

